{"meta": {"format": 3, "version": "7.10.7", "timestamp": "2025-09-28T10:10:12.827699", "branch_coverage": false, "show_contexts": false}, "files": {"fastblocks/__main__.py": {"executed_lines": [], "summary": {"covered_lines": 0, "num_statements": 1, "percent_covered": 0.0, "percent_covered_display": "0", "missing_lines": 1, "excluded_lines": 2}, "missing_lines": [1], "excluded_lines": [3, 4], "functions": {"": {"executed_lines": [], "summary": {"covered_lines": 0, "num_statements": 1, "percent_covered": 0.0, "percent_covered_display": "0", "missing_lines": 1, "excluded_lines": 2}, "missing_lines": [1], "excluded_lines": [3, 4]}}, "classes": {"": {"executed_lines": [], "summary": {"covered_lines": 0, "num_statements": 1, "percent_covered": 0.0, "percent_covered_display": "0", "missing_lines": 1, "excluded_lines": 2}, "missing_lines": [1], "excluded_lines": [3, 4]}}}, "fastblocks/actions/gather/application.py": {"executed_lines": [1, 3, 4, 6, 7, 9, 12, 13, 23, 24, 25, 26, 27, 28, 30, 31, 32, 39, 40, 41, 44, 54, 59, 61, 69, 75, 84, 86, 87, 89, 92, 97, 106, 113, 115, 116, 117, 118, 119, 120, 121, 122, 124, 127, 135, 136, 138, 139, 140, 141, 142, 144, 149, 154, 158, 159, 160, 165, 166, 170, 194, 197, 200, 201, 202, 208, 214, 215, 216, 217, 218, 219, 222, 223, 224, 228, 229, 232, 233, 236, 239, 240, 241, 243, 244, 245, 246, 247, 248, 253, 260, 261, 262, 263, 264, 265, 266, 269, 270, 273, 274, 275, 276, 277, 278, 281, 284, 292, 293, 294, 295, 300, 301, 302, 303, 306, 309, 320, 333, 334, 335, 337, 338, 339, 340, 341, 342, 343, 344, 346, 347, 353, 419, 451], "summary": {"covered_lines": 133, "num_statements": 247, "percent_covered": 53.84615384615385, "percent_covered_display": "54", "missing_lines": 114, "excluded_lines": 8}, "missing_lines": [145, 146, 147, 150, 151, 152, 155, 161, 162, 171, 172, 173, 174, 175, 176, 177, 178, 179, 180, 181, 182, 183, 184, 185, 188, 189, 190, 191, 192, 193, 220, 221, 225, 226, 227, 230, 231, 249, 250, 251, 252, 267, 268, 296, 297, 298, 299, 310, 311, 312, 313, 314, 315, 316, 317, 325, 326, 327, 328, 329, 330, 348, 349, 350, 356, 363, 364, 365, 366, 368, 369, 370, 372, 373, 375, 376, 377, 378, 379, 381, 382, 383, 385, 386, 387, 389, 390, 391, 393, 395, 396, 398, 400, 401, 403, 404, 406, 407, 408, 410, 416, 420, 441, 442, 448, 454, 455, 469, 471, 472, 473, 474, 476, 480], "excluded_lines": [458, 460, 461, 462, 463, 464, 465, 467], "functions": {"ApplicationGatherResult.__init__": {"executed_lines": [23, 24, 25, 26, 27, 28], "summary": {"covered_lines": 6, "num_statements": 6, "percent_covered": 100.0, "percent_covered_display": "100", "missing_lines": 0, "excluded_lines": 0}, "missing_lines": [], "excluded_lines": []}, "ApplicationGatherResult.total_components": {"executed_lines": [32], "summary": {"covered_lines": 1, "num_statements": 1, "percent_covered": 100.0, "percent_covered_display": "100", "missing_lines": 0, "excluded_lines": 0}, "missing_lines": [], "excluded_lines": []}, "ApplicationGatherResult.has_errors": {"executed_lines": [41], "summary": {"covered_lines": 1, "num_statements": 1, "percent_covered": 100.0, "percent_covered_display": "100", "missing_lines": 0, "excluded_lines": 0}, "missing_lines": [], "excluded_lines": []}, "gather_application": {"executed_lines": [54, 59, 61, 69, 75, 84, 86, 87, 89], "summary": {"covered_lines": 9, "num_statements": 9, "percent_covered": 100.0, "percent_covered_display": "100", "missing_lines": 0, "excluded_lines": 0}, "missing_lines": [], "excluded_lines": []}, "_prepare_application_gather_config": {"executed_lines": [97], "summary": {"covered_lines": 1, "num_statements": 1, "percent_covered": 100.0, "percent_covered_display": "100", "missing_lines": 0, "excluded_lines": 0}, "missing_lines": [], "excluded_lines": []}, "_build_application_gather_tasks": {"executed_lines": [113, 115, 116, 117, 118, 119, 120, 121, 122, 124], "summary": {"covered_lines": 10, "num_statements": 10, "percent_covered": 100.0, "percent_covered_display": "100", "missing_lines": 0, "excluded_lines": 0}, "missing_lines": [], "excluded_lines": []}, "_process_application_gather_results": {"executed_lines": [135, 136, 138, 139, 140, 141, 142, 144, 149, 154], "summary": {"covered_lines": 10, "num_statements": 17, "percent_covered": 58.8235294117647, "percent_covered_display": "59", "missing_lines": 7, "excluded_lines": 0}, "missing_lines": [145, 146, 147, 150, 151, 152, 155], "excluded_lines": []}, "_gather_application_config": {"executed_lines": [159, 160], "summary": {"covered_lines": 2, "num_statements": 4, "percent_covered": 50.0, "percent_covered_display": "50", "missing_lines": 2, "excluded_lines": 0}, "missing_lines": [161, 162], "excluded_lines": []}, "_gather_adapters_and_modules": {"executed_lines": [166, 170, 194, 197], "summary": {"covered_lines": 4, "num_statements": 25, "percent_covered": 16.0, "percent_covered_display": "16", "missing_lines": 21, "excluded_lines": 0}, "missing_lines": [171, 172, 173, 174, 175, 176, 177, 178, 179, 180, 181, 182, 183, 184, 185, 188, 189, 190, 191, 192, 193], "excluded_lines": []}, "_gather_acb_modules": {"executed_lines": [201, 202, 208, 214, 215, 216, 217, 218, 219, 222, 223, 224, 228, 229, 232, 233], "summary": {"covered_lines": 16, "num_statements": 23, "percent_covered": 69.56521739130434, "percent_covered_display": "70", "missing_lines": 7, "excluded_lines": 0}, "missing_lines": [220, 221, 225, 226, 227, 230, 231], "excluded_lines": []}, "_gather_application_dependencies": {"executed_lines": [239, 240, 241, 243, 244, 245, 246, 247, 248, 253, 260, 261, 262, 263, 264, 265, 266, 269, 270], "summary": {"covered_lines": 19, "num_statements": 25, "percent_covered": 76.0, "percent_covered_display": "76", "missing_lines": 6, "excluded_lines": 0}, "missing_lines": [249, 250, 251, 252, 267, 268], "excluded_lines": []}, "_gather_initializers": {"executed_lines": [274, 275, 276, 277, 278], "summary": {"covered_lines": 5, "num_statements": 5, "percent_covered": 100.0, "percent_covered_display": "100", "missing_lines": 0, "excluded_lines": 0}, "missing_lines": [], "excluded_lines": []}, "_gather_standard_initializers": {"executed_lines": [284, 292, 293, 294, 295, 300, 301, 302, 303], "summary": {"covered_lines": 9, "num_statements": 13, "percent_covered": 69.23076923076923, "percent_covered_display": "69", "missing_lines": 4, "excluded_lines": 0}, "missing_lines": [296, 297, 298, 299], "excluded_lines": []}, "_gather_adapter_initializers": {"executed_lines": [309], "summary": {"covered_lines": 1, "num_statements": 9, "percent_covered": 11.11111111111111, "percent_covered_display": "11", "missing_lines": 8, "excluded_lines": 0}, "missing_lines": [310, 311, 312, 313, 314, 315, 316, 317], "excluded_lines": []}, "_collect_adapter_init_functions": {"executed_lines": [], "summary": {"covered_lines": 0, "num_statements": 6, "percent_covered": 0.0, "percent_covered_display": "0", "missing_lines": 6, "excluded_lines": 0}, "missing_lines": [325, 326, 327, 328, 329, 330], "excluded_lines": []}, "_gather_config": {"executed_lines": [334, 335, 337, 338, 339, 340, 341, 342, 343, 344, 346, 347], "summary": {"covered_lines": 12, "num_statements": 15, "percent_covered": 80.0, "percent_covered_display": "80", "missing_lines": 3, "excluded_lines": 0}, "missing_lines": [348, 349, 350], "excluded_lines": []}, "initialize_application_components": {"executed_lines": [], "summary": {"covered_lines": 0, "num_statements": 37, "percent_covered": 0.0, "percent_covered_display": "0", "missing_lines": 37, "excluded_lines": 0}, "missing_lines": [356, 363, 364, 365, 366, 368, 369, 370, 372, 373, 375, 376, 377, 378, 379, 381, 382, 383, 385, 386, 387, 389, 390, 391, 393, 395, 396, 398, 400, 401, 403, 404, 406, 407, 408, 410, 416], "excluded_lines": []}, "get_application_info": {"executed_lines": [], "summary": {"covered_lines": 0, "num_statements": 4, "percent_covered": 0.0, "percent_covered_display": "0", "missing_lines": 4, "excluded_lines": 0}, "missing_lines": [420, 441, 442, 448], "excluded_lines": []}, "create_application_manager": {"executed_lines": [], "summary": {"covered_lines": 0, "num_statements": 9, "percent_covered": 0.0, "percent_covered_display": "0", "missing_lines": 9, "excluded_lines": 8}, "missing_lines": [454, 455, 469, 471, 472, 473, 474, 476, 480], "excluded_lines": [458, 460, 461, 462, 463, 464, 465, 467]}, "": {"executed_lines": [1, 3, 4, 6, 7, 9, 12, 13, 30, 31, 39, 40, 44, 92, 106, 127, 158, 165, 200, 236, 273, 281, 306, 320, 333, 353, 419, 451], "summary": {"covered_lines": 27, "num_statements": 27, "percent_covered": 100.0, "percent_covered_display": "100", "missing_lines": 0, "excluded_lines": 0}, "missing_lines": [], "excluded_lines": []}}, "classes": {"ApplicationGatherResult": {"executed_lines": [23, 24, 25, 26, 27, 28, 32, 41], "summary": {"covered_lines": 8, "num_statements": 8, "percent_covered": 100.0, "percent_covered_display": "100", "missing_lines": 0, "excluded_lines": 0}, "missing_lines": [], "excluded_lines": []}, "": {"executed_lines": [1, 3, 4, 6, 7, 9, 12, 13, 30, 31, 39, 40, 44, 54, 59, 61, 69, 75, 84, 86, 87, 89, 92, 97, 106, 113, 115, 116, 117, 118, 119, 120, 121, 122, 124, 127, 135, 136, 138, 139, 140, 141, 142, 144, 149, 154, 158, 159, 160, 165, 166, 170, 194, 197, 200, 201, 202, 208, 214, 215, 216, 217, 218, 219, 222, 223, 224, 228, 229, 232, 233, 236, 239, 240, 241, 243, 244, 245, 246, 247, 248, 253, 260, 261, 262, 263, 264, 265, 266, 269, 270, 273, 274, 275, 276, 277, 278, 281, 284, 292, 293, 294, 295, 300, 301, 302, 303, 306, 309, 320, 333, 334, 335, 337, 338, 339, 340, 341, 342, 343, 344, 346, 347, 353, 419, 451], "summary": {"covered_lines": 125, "num_statements": 239, "percent_covered": 52.30125523012552, "percent_covered_display": "52", "missing_lines": 114, "excluded_lines": 8}, "missing_lines": [145, 146, 147, 150, 151, 152, 155, 161, 162, 171, 172, 173, 174, 175, 176, 177, 178, 179, 180, 181, 182, 183, 184, 185, 188, 189, 190, 191, 192, 193, 220, 221, 225, 226, 227, 230, 231, 249, 250, 251, 252, 267, 268, 296, 297, 298, 299, 310, 311, 312, 313, 314, 315, 316, 317, 325, 326, 327, 328, 329, 330, 348, 349, 350, 356, 363, 364, 365, 366, 368, 369, 370, 372, 373, 375, 376, 377, 378, 379, 381, 382, 383, 385, 386, 387, 389, 390, 391, 393, 395, 396, 398, 400, 401, 403, 404, 406, 407, 408, 410, 416, 420, 441, 442, 448, 454, 455, 469, 471, 472, 473, 474, 476, 480], "excluded_lines": [458, 460, 461, 462, 463, 464, 465, 467]}}}, "fastblocks/actions/gather/middleware.py": {"executed_lines": [1, 3, 4, 5, 7, 8, 9, 10, 12, 15, 16, 17, 18, 19, 20, 21, 22, 25, 26, 34, 35, 38, 39, 41, 42, 43, 45, 46, 47, 50, 59, 60, 62, 63, 65, 66, 68, 73, 75, 76, 78, 91, 97, 98, 99, 100, 101, 102, 103, 105, 107, 109, 112, 113, 114, 124, 125, 126, 129, 130, 131, 132, 134, 135, 136, 147, 150, 157, 159, 161, 163, 164, 166, 168, 169, 172, 176, 177, 178, 179, 182, 187, 205, 210, 211, 214, 216, 222, 228, 247, 259, 272, 298, 313, 333, 352, 372, 387], "summary": {"covered_lines": 97, "num_statements": 192, "percent_covered": 50.520833333333336, "percent_covered_display": "51", "missing_lines": 95, "excluded_lines": 0}, "missing_lines": [116, 117, 118, 119, 120, 121, 122, 123, 137, 138, 139, 140, 141, 142, 143, 144, 145, 189, 191, 192, 193, 194, 195, 197, 198, 199, 200, 202, 217, 229, 230, 235, 236, 237, 241, 250, 256, 263, 264, 265, 266, 267, 269, 275, 282, 285, 288, 291, 293, 295, 302, 303, 307, 308, 317, 323, 327, 328, 337, 338, 340, 341, 342, 343, 344, 346, 347, 355, 357, 359, 361, 363, 365, 369, 377, 379, 381, 382, 384, 391, 393, 394, 395, 396, 397, 398, 399, 400, 401, 402, 403, 404, 405, 406, 408], "excluded_lines": [], "functions": {"MiddlewareGatherResult.__init__": {"executed_lines": [34, 35, 38, 39], "summary": {"covered_lines": 4, "num_statements": 4, "percent_covered": 100.0, "percent_covered_display": "100", "missing_lines": 0, "excluded_lines": 0}, "missing_lines": [], "excluded_lines": []}, "MiddlewareGatherResult.total_middleware": {"executed_lines": [43], "summary": {"covered_lines": 1, "num_statements": 1, "percent_covered": 100.0, "percent_covered_display": "100", "missing_lines": 0, "excluded_lines": 0}, "missing_lines": [], "excluded_lines": []}, "MiddlewareGatherResult.has_errors": {"executed_lines": [47], "summary": {"covered_lines": 1, "num_statements": 1, "percent_covered": 100.0, "percent_covered_display": "100", "missing_lines": 0, "excluded_lines": 0}, "missing_lines": [], "excluded_lines": []}, "gather_middleware": {"executed_lines": [59, 60, 62, 63, 65, 66, 68, 73, 75, 76, 78, 91, 97, 98, 99, 100, 101, 102, 103, 105, 107, 109], "summary": {"covered_lines": 22, "num_statements": 22, "percent_covered": 100.0, "percent_covered_display": "100", "missing_lines": 0, "excluded_lines": 0}, "missing_lines": [], "excluded_lines": []}, "_gather_default_middleware": {"executed_lines": [113, 114, 124, 125, 126], "summary": {"covered_lines": 5, "num_statements": 13, "percent_covered": 38.46153846153846, "percent_covered_display": "38", "missing_lines": 8, "excluded_lines": 0}, "missing_lines": [116, 117, 118, 119, 120, 121, 122, 123], "excluded_lines": []}, "_gather_custom_middleware": {"executed_lines": [130, 131, 132, 134, 135, 136, 147], "summary": {"covered_lines": 7, "num_statements": 16, "percent_covered": 43.75, "percent_covered_display": "44", "missing_lines": 9, "excluded_lines": 0}, "missing_lines": [137, 138, 139, 140, 141, 142, 143, 144, 145], "excluded_lines": []}, "_build_middleware_stack": {"executed_lines": [157, 159, 161, 163, 164, 166, 168, 169], "summary": {"covered_lines": 8, "num_statements": 8, "percent_covered": 100.0, "percent_covered_display": "100", "missing_lines": 0, "excluded_lines": 0}, "missing_lines": [], "excluded_lines": []}, "_add_system_middleware": {"executed_lines": [176, 177, 178, 179], "summary": {"covered_lines": 4, "num_statements": 4, "percent_covered": 100.0, "percent_covered_display": "100", "missing_lines": 0, "excluded_lines": 0}, "missing_lines": [], "excluded_lines": []}, "_apply_system_middleware": {"executed_lines": [187], "summary": {"covered_lines": 1, "num_statements": 12, "percent_covered": 8.333333333333334, "percent_covered_display": "8", "missing_lines": 11, "excluded_lines": 0}, "missing_lines": [189, 191, 192, 193, 194, 195, 197, 198, 199, 200, 202], "excluded_lines": []}, "_add_error_handler_middleware": {"executed_lines": [210, 211], "summary": {"covered_lines": 2, "num_statements": 2, "percent_covered": 100.0, "percent_covered_display": "100", "missing_lines": 0, "excluded_lines": 0}, "missing_lines": [], "excluded_lines": []}, "_create_error_middleware": {"executed_lines": [216, 222], "summary": {"covered_lines": 2, "num_statements": 3, "percent_covered": 66.66666666666667, "percent_covered_display": "67", "missing_lines": 1, "excluded_lines": 0}, "missing_lines": [217], "excluded_lines": []}, "extract_middleware_info": {"executed_lines": [], "summary": {"covered_lines": 0, "num_statements": 6, "percent_covered": 0.0, "percent_covered_display": "0", "missing_lines": 6, "excluded_lines": 0}, "missing_lines": [229, 230, 235, 236, 237, 241], "excluded_lines": []}, "get_middleware_stack_info": {"executed_lines": [], "summary": {"covered_lines": 0, "num_statements": 2, "percent_covered": 0.0, "percent_covered_display": "0", "missing_lines": 2, "excluded_lines": 0}, "missing_lines": [250, 256], "excluded_lines": []}, "_populate_middleware_info": {"executed_lines": [], "summary": {"covered_lines": 0, "num_statements": 6, "percent_covered": 0.0, "percent_covered_display": "0", "missing_lines": 6, "excluded_lines": 0}, "missing_lines": [263, 264, 265, 266, 267, 269], "excluded_lines": []}, "validate_middleware_stack": {"executed_lines": [], "summary": {"covered_lines": 0, "num_statements": 7, "percent_covered": 0.0, "percent_covered_display": "0", "missing_lines": 7, "excluded_lines": 0}, "missing_lines": [275, 282, 285, 288, 291, 293, 295], "excluded_lines": []}, "_check_middleware_ordering": {"executed_lines": [], "summary": {"covered_lines": 0, "num_statements": 4, "percent_covered": 0.0, "percent_covered_display": "0", "missing_lines": 4, "excluded_lines": 0}, "missing_lines": [302, 303, 307, 308], "excluded_lines": []}, "_check_security_middleware": {"executed_lines": [], "summary": {"covered_lines": 0, "num_statements": 4, "percent_covered": 0.0, "percent_covered_display": "0", "missing_lines": 4, "excluded_lines": 0}, "missing_lines": [317, 323, 327, 328], "excluded_lines": []}, "_check_session_auth_ordering": {"executed_lines": [], "summary": {"covered_lines": 0, "num_statements": 9, "percent_covered": 0.0, "percent_covered_display": "0", "missing_lines": 9, "excluded_lines": 0}, "missing_lines": [337, 338, 340, 341, 342, 343, 344, 346, 347], "excluded_lines": []}, "create_middleware_manager": {"executed_lines": [], "summary": {"covered_lines": 0, "num_statements": 7, "percent_covered": 0.0, "percent_covered_display": "0", "missing_lines": 7, "excluded_lines": 0}, "missing_lines": [355, 357, 359, 361, 363, 365, 369], "excluded_lines": []}, "add_middleware_at_position": {"executed_lines": [], "summary": {"covered_lines": 0, "num_statements": 5, "percent_covered": 0.0, "percent_covered_display": "0", "missing_lines": 5, "excluded_lines": 0}, "missing_lines": [377, 379, 381, 382, 384], "excluded_lines": []}, "_calculate_insert_index": {"executed_lines": [], "summary": {"covered_lines": 0, "num_statements": 16, "percent_covered": 0.0, "percent_covered_display": "0", "missing_lines": 16, "excluded_lines": 0}, "missing_lines": [391, 393, 394, 395, 396, 397, 398, 399, 400, 401, 402, 403, 404, 405, 406, 408], "excluded_lines": []}, "": {"executed_lines": [1, 3, 4, 5, 7, 8, 9, 10, 12, 15, 16, 17, 18, 19, 20, 21, 22, 25, 26, 41, 42, 45, 46, 50, 112, 129, 150, 172, 182, 205, 214, 228, 247, 259, 272, 298, 313, 333, 352, 372, 387], "summary": {"covered_lines": 40, "num_statements": 40, "percent_covered": 100.0, "percent_covered_display": "100", "missing_lines": 0, "excluded_lines": 0}, "missing_lines": [], "excluded_lines": []}}, "classes": {"MiddlewarePosition": {"executed_lines": [], "summary": {"covered_lines": 0, "num_statements": 0, "percent_covered": 100.0, "percent_covered_display": "100", "missing_lines": 0, "excluded_lines": 0}, "missing_lines": [], "excluded_lines": []}, "MiddlewareGatherResult": {"executed_lines": [34, 35, 38, 39, 43, 47], "summary": {"covered_lines": 6, "num_statements": 6, "percent_covered": 100.0, "percent_covered_display": "100", "missing_lines": 0, "excluded_lines": 0}, "missing_lines": [], "excluded_lines": []}, "": {"executed_lines": [1, 3, 4, 5, 7, 8, 9, 10, 12, 15, 16, 17, 18, 19, 20, 21, 22, 25, 26, 41, 42, 45, 46, 50, 59, 60, 62, 63, 65, 66, 68, 73, 75, 76, 78, 91, 97, 98, 99, 100, 101, 102, 103, 105, 107, 109, 112, 113, 114, 124, 125, 126, 129, 130, 131, 132, 134, 135, 136, 147, 150, 157, 159, 161, 163, 164, 166, 168, 169, 172, 176, 177, 178, 179, 182, 187, 205, 210, 211, 214, 216, 222, 228, 247, 259, 272, 298, 313, 333, 352, 372, 387], "summary": {"covered_lines": 91, "num_statements": 186, "percent_covered": 48.924731182795696, "percent_covered_display": "49", "missing_lines": 95, "excluded_lines": 0}, "missing_lines": [116, 117, 118, 119, 120, 121, 122, 123, 137, 138, 139, 140, 141, 142, 143, 144, 145, 189, 191, 192, 193, 194, 195, 197, 198, 199, 200, 202, 217, 229, 230, 235, 236, 237, 241, 250, 256, 263, 264, 265, 266, 267, 269, 275, 282, 285, 288, 291, 293, 295, 302, 303, 307, 308, 317, 323, 327, 328, 337, 338, 340, 341, 342, 343, 344, 346, 347, 355, 357, 359, 361, 363, 365, 369, 377, 379, 381, 382, 384, 391, 393, 394, 395, 396, 397, 398, 399, 400, 401, 402, 403, 404, 405, 406, 408], "excluded_lines": []}}}, "fastblocks/actions/gather/models.py": {"executed_lines": [1, 3, 4, 5, 6, 7, 9, 10, 11, 13, 16, 17, 27, 28, 29, 30, 31, 32, 34, 35, 36, 37, 39, 40, 43, 44, 45, 46, 47, 49, 52, 62, 63, 65, 66, 72, 74, 75, 76, 78, 79, 83, 86, 92, 104, 105, 106, 107, 109, 110, 111, 113, 115, 118, 123, 124, 125, 126, 128, 129, 131, 132, 134, 137, 140, 145, 146, 147, 150, 151, 152, 153, 154, 159, 164, 165, 166, 167, 168, 169, 172, 176, 178, 185, 188, 192, 198, 199, 201, 207, 210, 215, 216, 226, 231, 234, 252, 270, 274, 279, 290, 293, 328, 362, 392, 407, 430, 446, 464, 482, 490, 508, 518, 521, 532, 534, 537, 545, 584, 608, 624, 636, 641, 648, 665], "summary": {"covered_lines": 124, "num_statements": 305, "percent_covered": 40.65573770491803, "percent_covered_display": "41", "missing_lines": 181, "excluded_lines": 2}, "missing_lines": [41, 48, 135, 156, 179, 180, 181, 183, 218, 219, 220, 221, 222, 223, 236, 237, 238, 240, 241, 242, 244, 245, 248, 249, 257, 258, 259, 261, 263, 280, 287, 288, 299, 300, 301, 303, 304, 305, 315, 325, 335, 337, 338, 339, 340, 341, 342, 349, 350, 354, 355, 359, 369, 370, 372, 373, 374, 375, 376, 383, 384, 386, 387, 389, 398, 399, 411, 417, 423, 424, 425, 427, 435, 436, 437, 439, 440, 442, 443, 451, 452, 453, 455, 457, 468, 469, 471, 472, 473, 474, 475, 476, 477, 479, 483, 484, 485, 486, 487, 494, 496, 497, 498, 500, 502, 503, 505, 509, 510, 511, 512, 513, 515, 538, 539, 540, 541, 542, 548, 551, 554, 555, 556, 557, 558, 560, 561, 563, 564, 565, 566, 567, 569, 571, 572, 573, 575, 576, 577, 579, 581, 587, 594, 595, 596, 597, 598, 605, 613, 615, 617, 619, 621, 625, 633, 637, 638, 642, 643, 644, 645, 654, 655, 657, 669, 677, 678, 680, 681, 682, 683, 684, 685, 688, 690, 691, 692, 693, 694, 695, 697], "excluded_lines": [549, 552], "functions": {"ModelGatherResult.__init__": {"executed_lines": [27, 28, 29, 30, 31, 32], "summary": {"covered_lines": 6, "num_statements": 6, "percent_covered": 100.0, "percent_covered_display": "100", "missing_lines": 0, "excluded_lines": 0}, "missing_lines": [], "excluded_lines": []}, "ModelGatherResult.total_models": {"executed_lines": [36, 37], "summary": {"covered_lines": 2, "num_statements": 2, "percent_covered": 100.0, "percent_covered_display": "100", "missing_lines": 0, "excluded_lines": 0}, "missing_lines": [], "excluded_lines": []}, "ModelGatherResult.has_errors": {"executed_lines": [], "summary": {"covered_lines": 0, "num_statements": 1, "percent_covered": 0.0, "percent_covered_display": "0", "missing_lines": 1, "excluded_lines": 0}, "missing_lines": [41], "excluded_lines": []}, "ModelGatherResult.get_all_models": {"executed_lines": [44, 45, 46, 47, 49], "summary": {"covered_lines": 5, "num_statements": 6, "percent_covered": 83.33333333333333, "percent_covered_display": "83", "missing_lines": 1, "excluded_lines": 0}, "missing_lines": [48], "excluded_lines": []}, "gather_models": {"executed_lines": [62, 63, 65, 66, 72, 74, 75, 76, 78, 79, 83], "summary": {"covered_lines": 11, "num_statements": 11, "percent_covered": 100.0, "percent_covered_display": "100", "missing_lines": 0, "excluded_lines": 0}, "missing_lines": [], "excluded_lines": []}, "_prepare_model_gather_config": {"executed_lines": [92], "summary": {"covered_lines": 1, "num_statements": 1, "percent_covered": 100.0, "percent_covered_display": "100", "missing_lines": 0, "excluded_lines": 0}, "missing_lines": [], "excluded_lines": []}, "_get_default_model_base_classes": {"executed_lines": [105, 106, 107, 109, 110, 111, 113, 115], "summary": {"covered_lines": 8, "num_statements": 8, "percent_covered": 100.0, "percent_covered_display": "100", "missing_lines": 0, "excluded_lines": 0}, "missing_lines": [], "excluded_lines": []}, "_build_model_gather_tasks": {"executed_lines": [123, 124, 125, 126, 128, 129, 131, 132, 134, 137], "summary": {"covered_lines": 10, "num_statements": 11, "percent_covered": 90.9090909090909, "percent_covered_display": "91", "missing_lines": 1, "excluded_lines": 0}, "missing_lines": [135], "excluded_lines": []}, "_process_model_gather_results": {"executed_lines": [145, 146, 147], "summary": {"covered_lines": 3, "num_statements": 3, "percent_covered": 100.0, "percent_covered_display": "100", "missing_lines": 0, "excluded_lines": 0}, "missing_lines": [], "excluded_lines": []}, "_get_model_source_type_by_index": {"executed_lines": [151, 152, 153, 154], "summary": {"covered_lines": 4, "num_statements": 5, "percent_covered": 80.0, "percent_covered_display": "80", "missing_lines": 1, "excluded_lines": 0}, "missing_lines": [156], "excluded_lines": []}, "_process_single_model_source_result": {"executed_lines": [164, 165, 166, 167, 168, 169], "summary": {"covered_lines": 6, "num_statements": 6, "percent_covered": 100.0, "percent_covered_display": "100", "missing_lines": 0, "excluded_lines": 0}, "missing_lines": [], "excluded_lines": []}, "_process_adapter_models": {"executed_lines": [176, 178, 185], "summary": {"covered_lines": 3, "num_statements": 7, "percent_covered": 42.857142857142854, "percent_covered_display": "43", "missing_lines": 4, "excluded_lines": 0}, "missing_lines": [179, 180, 181, 183], "excluded_lines": []}, "_gather_base_models": {"executed_lines": [192, 198, 199, 201, 207], "summary": {"covered_lines": 5, "num_statements": 5, "percent_covered": 100.0, "percent_covered_display": "100", "missing_lines": 0, "excluded_lines": 0}, "missing_lines": [], "excluded_lines": []}, "_process_base_models_file": {"executed_lines": [215, 216], "summary": {"covered_lines": 2, "num_statements": 8, "percent_covered": 25.0, "percent_covered_display": "25", "missing_lines": 6, "excluded_lines": 0}, "missing_lines": [218, 219, 220, 221, 222, 223], "excluded_lines": []}, "_process_base_models_directory": {"executed_lines": [231, 234], "summary": {"covered_lines": 2, "num_statements": 12, "percent_covered": 16.666666666666668, "percent_covered_display": "17", "missing_lines": 10, "excluded_lines": 0}, "missing_lines": [236, 237, 238, 240, 241, 242, 244, 245, 248, 249], "excluded_lines": []}, "_add_models_to_base_collection": {"executed_lines": [], "summary": {"covered_lines": 0, "num_statements": 5, "percent_covered": 0.0, "percent_covered_display": "0", "missing_lines": 5, "excluded_lines": 0}, "missing_lines": [257, 258, 259, 261, 263], "excluded_lines": []}, "_gather_adapter_models": {"executed_lines": [274, 279, 290], "summary": {"covered_lines": 3, "num_statements": 6, "percent_covered": 50.0, "percent_covered_display": "50", "missing_lines": 3, "excluded_lines": 0}, "missing_lines": [280, 287, 288], "excluded_lines": []}, "_gather_single_adapter_models": {"executed_lines": [], "summary": {"covered_lines": 0, "num_statements": 8, "percent_covered": 0.0, "percent_covered_display": "0", "missing_lines": 8, "excluded_lines": 0}, "missing_lines": [299, 300, 301, 303, 304, 305, 315, 325], "excluded_lines": []}, "_gather_models_with_glob_pattern": {"executed_lines": [], "summary": {"covered_lines": 0, "num_statements": 12, "percent_covered": 0.0, "percent_covered_display": "0", "missing_lines": 12, "excluded_lines": 0}, "missing_lines": [335, 337, 338, 339, 340, 341, 342, 349, 350, 354, 355, 359], "excluded_lines": []}, "_gather_models_with_exact_pattern": {"executed_lines": [], "summary": {"covered_lines": 0, "num_statements": 12, "percent_covered": 0.0, "percent_covered_display": "0", "missing_lines": 12, "excluded_lines": 0}, "missing_lines": [369, 370, 372, 373, 374, 375, 376, 383, 384, 386, 387, 389], "excluded_lines": []}, "_store_adapter_model_metadata": {"executed_lines": [], "summary": {"covered_lines": 0, "num_statements": 2, "percent_covered": 0.0, "percent_covered_display": "0", "missing_lines": 2, "excluded_lines": 0}, "missing_lines": [398, 399], "excluded_lines": []}, "_gather_custom_models": {"executed_lines": [], "summary": {"covered_lines": 0, "num_statements": 6, "percent_covered": 0.0, "percent_covered_display": "0", "missing_lines": 6, "excluded_lines": 0}, "missing_lines": [411, 417, 423, 424, 425, 427], "excluded_lines": []}, "_process_custom_models_file": {"executed_lines": [], "summary": {"covered_lines": 0, "num_statements": 7, "percent_covered": 0.0, "percent_covered_display": "0", "missing_lines": 7, "excluded_lines": 0}, "missing_lines": [435, 436, 437, 439, 440, 442, 443], "excluded_lines": []}, "_add_custom_models_to_collection": {"executed_lines": [], "summary": {"covered_lines": 0, "num_statements": 5, "percent_covered": 0.0, "percent_covered_display": "0", "missing_lines": 5, "excluded_lines": 0}, "missing_lines": [451, 452, 453, 455, 457], "excluded_lines": []}, "_extract_models_from_file": {"executed_lines": [], "summary": {"covered_lines": 0, "num_statements": 10, "percent_covered": 0.0, "percent_covered_display": "0", "missing_lines": 10, "excluded_lines": 0}, "missing_lines": [468, 469, 471, 472, 473, 474, 475, 476, 477, 479], "excluded_lines": []}, "_get_module_path_from_file": {"executed_lines": [], "summary": {"covered_lines": 0, "num_statements": 5, "percent_covered": 0.0, "percent_covered_display": "0", "missing_lines": 5, "excluded_lines": 0}, "missing_lines": [483, 484, 485, 486, 487], "excluded_lines": []}, "_extract_models_from_module": {"executed_lines": [], "summary": {"covered_lines": 0, "num_statements": 8, "percent_covered": 0.0, "percent_covered_display": "0", "missing_lines": 8, "excluded_lines": 0}, "missing_lines": [494, 496, 497, 498, 500, 502, 503, 505], "excluded_lines": []}, "_is_valid_model_class": {"executed_lines": [], "summary": {"covered_lines": 0, "num_statements": 6, "percent_covered": 0.0, "percent_covered_display": "0", "missing_lines": 6, "excluded_lines": 0}, "missing_lines": [509, 510, 511, 512, 513, 515], "excluded_lines": []}, "_gather_admin_models": {"executed_lines": [521, 532, 534], "summary": {"covered_lines": 3, "num_statements": 3, "percent_covered": 100.0, "percent_covered_display": "100", "missing_lines": 0, "excluded_lines": 0}, "missing_lines": [], "excluded_lines": []}, "_is_sql_model": {"executed_lines": [], "summary": {"covered_lines": 0, "num_statements": 5, "percent_covered": 0.0, "percent_covered_display": "0", "missing_lines": 5, "excluded_lines": 0}, "missing_lines": [538, 539, 540, 541, 542], "excluded_lines": []}, "create_models_namespace": {"executed_lines": [], "summary": {"covered_lines": 0, "num_statements": 15, "percent_covered": 0.0, "percent_covered_display": "0", "missing_lines": 15, "excluded_lines": 2}, "missing_lines": [548, 551, 554, 555, 560, 563, 569, 571, 572, 573, 575, 576, 577, 579, 581], "excluded_lines": [549, 552]}, "create_models_namespace.ModelsNamespace.__init__": {"executed_lines": [], "summary": {"covered_lines": 0, "num_statements": 3, "percent_covered": 0.0, "percent_covered_display": "0", "missing_lines": 3, "excluded_lines": 0}, "missing_lines": [556, 557, 558], "excluded_lines": []}, "create_models_namespace.ModelsNamespace.get_admin_models": {"executed_lines": [], "summary": {"covered_lines": 0, "num_statements": 1, "percent_covered": 0.0, "percent_covered_display": "0", "missing_lines": 1, "excluded_lines": 0}, "missing_lines": [561], "excluded_lines": []}, "create_models_namespace.ModelsNamespace.__getattr__": {"executed_lines": [], "summary": {"covered_lines": 0, "num_statements": 4, "percent_covered": 0.0, "percent_covered_display": "0", "missing_lines": 4, "excluded_lines": 0}, "missing_lines": [564, 565, 566, 567], "excluded_lines": []}, "validate_models": {"executed_lines": [], "summary": {"covered_lines": 0, "num_statements": 7, "percent_covered": 0.0, "percent_covered_display": "0", "missing_lines": 7, "excluded_lines": 0}, "missing_lines": [587, 594, 595, 596, 597, 598, 605], "excluded_lines": []}, "_validate_single_model": {"executed_lines": [], "summary": {"covered_lines": 0, "num_statements": 5, "percent_covered": 0.0, "percent_covered_display": "0", "missing_lines": 5, "excluded_lines": 0}, "missing_lines": [613, 615, 617, 619, 621], "excluded_lines": []}, "_check_model_definition": {"executed_lines": [], "summary": {"covered_lines": 0, "num_statements": 2, "percent_covered": 0.0, "percent_covered_display": "0", "missing_lines": 2, "excluded_lines": 0}, "missing_lines": [625, 633], "excluded_lines": []}, "_check_duplicate_model_name": {"executed_lines": [], "summary": {"covered_lines": 0, "num_statements": 2, "percent_covered": 0.0, "percent_covered_display": "0", "missing_lines": 2, "excluded_lines": 0}, "missing_lines": [637, 638], "excluded_lines": []}, "_check_model_inheritance": {"executed_lines": [], "summary": {"covered_lines": 0, "num_statements": 4, "percent_covered": 0.0, "percent_covered_display": "0", "missing_lines": 4, "excluded_lines": 0}, "missing_lines": [642, 643, 644, 645], "excluded_lines": []}, "_categorize_model_validation_result": {"executed_lines": [], "summary": {"covered_lines": 0, "num_statements": 3, "percent_covered": 0.0, "percent_covered_display": "0", "missing_lines": 3, "excluded_lines": 0}, "missing_lines": [654, 655, 657], "excluded_lines": []}, "get_model_info": {"executed_lines": [], "summary": {"covered_lines": 0, "num_statements": 17, "percent_covered": 0.0, "percent_covered_display": "0", "missing_lines": 17, "excluded_lines": 0}, "missing_lines": [669, 677, 678, 680, 681, 682, 683, 684, 685, 688, 690, 691, 692, 693, 694, 695, 697], "excluded_lines": []}, "": {"executed_lines": [1, 3, 4, 5, 6, 7, 9, 10, 11, 13, 16, 17, 34, 35, 39, 40, 43, 52, 86, 104, 118, 140, 150, 159, 172, 188, 210, 226, 252, 270, 293, 328, 362, 392, 407, 430, 446, 464, 482, 490, 508, 518, 537, 545, 584, 608, 624, 636, 641, 648, 665], "summary": {"covered_lines": 50, "num_statements": 50, "percent_covered": 100.0, "percent_covered_display": "100", "missing_lines": 0, "excluded_lines": 0}, "missing_lines": [], "excluded_lines": []}}, "classes": {"ModelGatherResult": {"executed_lines": [27, 28, 29, 30, 31, 32, 36, 37, 44, 45, 46, 47, 49], "summary": {"covered_lines": 13, "num_statements": 15, "percent_covered": 86.66666666666667, "percent_covered_display": "87", "missing_lines": 2, "excluded_lines": 0}, "missing_lines": [41, 48], "excluded_lines": []}, "create_models_namespace.SQLNamespace": {"executed_lines": [], "summary": {"covered_lines": 0, "num_statements": 0, "percent_covered": 100.0, "percent_covered_display": "100", "missing_lines": 0, "excluded_lines": 0}, "missing_lines": [], "excluded_lines": []}, "create_models_namespace.NoSQLNamespace": {"executed_lines": [], "summary": {"covered_lines": 0, "num_statements": 0, "percent_covered": 100.0, "percent_covered_display": "100", "missing_lines": 0, "excluded_lines": 0}, "missing_lines": [], "excluded_lines": []}, "create_models_namespace.ModelsNamespace": {"executed_lines": [], "summary": {"covered_lines": 0, "num_statements": 8, "percent_covered": 0.0, "percent_covered_display": "0", "missing_lines": 8, "excluded_lines": 0}, "missing_lines": [556, 557, 558, 561, 564, 565, 566, 567], "excluded_lines": []}, "": {"executed_lines": [1, 3, 4, 5, 6, 7, 9, 10, 11, 13, 16, 17, 34, 35, 39, 40, 43, 52, 62, 63, 65, 66, 72, 74, 75, 76, 78, 79, 83, 86, 92, 104, 105, 106, 107, 109, 110, 111, 113, 115, 118, 123, 124, 125, 126, 128, 129, 131, 132, 134, 137, 140, 145, 146, 147, 150, 151, 152, 153, 154, 159, 164, 165, 166, 167, 168, 169, 172, 176, 178, 185, 188, 192, 198, 199, 201, 207, 210, 215, 216, 226, 231, 234, 252, 270, 274, 279, 290, 293, 328, 362, 392, 407, 430, 446, 464, 482, 490, 508, 518, 521, 532, 534, 537, 545, 584, 608, 624, 636, 641, 648, 665], "summary": {"covered_lines": 111, "num_statements": 282, "percent_covered": 39.361702127659576, "percent_covered_display": "39", "missing_lines": 171, "excluded_lines": 2}, "missing_lines": [135, 156, 179, 180, 181, 183, 218, 219, 220, 221, 222, 223, 236, 237, 238, 240, 241, 242, 244, 245, 248, 249, 257, 258, 259, 261, 263, 280, 287, 288, 299, 300, 301, 303, 304, 305, 315, 325, 335, 337, 338, 339, 340, 341, 342, 349, 350, 354, 355, 359, 369, 370, 372, 373, 374, 375, 376, 383, 384, 386, 387, 389, 398, 399, 411, 417, 423, 424, 425, 427, 435, 436, 437, 439, 440, 442, 443, 451, 452, 453, 455, 457, 468, 469, 471, 472, 473, 474, 475, 476, 477, 479, 483, 484, 485, 486, 487, 494, 496, 497, 498, 500, 502, 503, 505, 509, 510, 511, 512, 513, 515, 538, 539, 540, 541, 542, 548, 551, 554, 555, 560, 563, 569, 571, 572, 573, 575, 576, 577, 579, 581, 587, 594, 595, 596, 597, 598, 605, 613, 615, 617, 619, 621, 625, 633, 637, 638, 642, 643, 644, 645, 654, 655, 657, 669, 677, 678, 680, 681, 682, 683, 684, 685, 688, 690, 691, 692, 693, 694, 695, 697], "excluded_lines": [549, 552]}}}, "fastblocks/actions/gather/routes.py": {"executed_lines": [1, 3, 4, 5, 6, 8, 9, 10, 11, 12, 14, 16, 19, 20, 28, 29, 30, 31, 33, 34, 35, 37, 38, 39, 41, 45, 53, 54, 56, 57, 59, 60, 62, 64, 66, 67, 69, 70, 72, 75, 81, 82, 83, 84, 86, 87, 88, 90, 92, 94, 97, 101, 103, 106, 109, 138, 139, 140, 141, 142, 151, 154, 182, 196, 203, 215, 226, 262, 279, 293, 314, 326], "summary": {"covered_lines": 71, "num_statements": 189, "percent_covered": 37.56613756613756, "percent_covered_display": "38", "missing_lines": 118, "excluded_lines": 0}, "missing_lines": [42, 73, 85, 104, 115, 116, 117, 119, 120, 122, 123, 124, 125, 126, 127, 130, 131, 132, 134, 135, 143, 144, 145, 146, 147, 148, 149, 158, 160, 166, 167, 168, 169, 170, 171, 172, 174, 175, 176, 177, 179, 183, 184, 185, 186, 187, 188, 189, 190, 191, 193, 197, 198, 199, 200, 204, 205, 206, 207, 208, 209, 210, 212, 216, 217, 218, 219, 221, 223, 229, 237, 238, 239, 243, 244, 245, 247, 248, 249, 251, 252, 253, 254, 256, 257, 259, 263, 264, 268, 269, 270, 274, 275, 276, 280, 286, 287, 288, 290, 298, 299, 300, 301, 304, 306, 307, 308, 310, 311, 319, 320, 321, 322, 323, 327, 328, 329, 330], "excluded_lines": [], "functions": {"RouteGatherResult.__init__": {"executed_lines": [28, 29, 30, 31], "summary": {"covered_lines": 4, "num_statements": 4, "percent_covered": 100.0, "percent_covered_display": "100", "missing_lines": 0, "excluded_lines": 0}, "missing_lines": [], "excluded_lines": []}, "RouteGatherResult.total_routes": {"executed_lines": [35], "summary": {"covered_lines": 1, "num_statements": 1, "percent_covered": 100.0, "percent_covered_display": "100", "missing_lines": 0, "excluded_lines": 0}, "missing_lines": [], "excluded_lines": []}, "RouteGatherResult.has_errors": {"executed_lines": [39], "summary": {"covered_lines": 1, "num_statements": 1, "percent_covered": 100.0, "percent_covered_display": "100", "missing_lines": 0, "excluded_lines": 0}, "missing_lines": [], "excluded_lines": []}, "RouteGatherResult.extend_routes": {"executed_lines": [], "summary": {"covered_lines": 0, "num_statements": 1, "percent_covered": 0.0, "percent_covered_display": "0", "missing_lines": 1, "excluded_lines": 0}, "missing_lines": [42], "excluded_lines": []}, "gather_routes": {"executed_lines": [53, 54, 56, 57, 59, 60, 62, 64, 66, 67, 69, 70, 72, 75, 81, 82, 83, 84, 86, 87, 88, 90, 92, 94], "summary": {"covered_lines": 24, "num_statements": 26, "percent_covered": 92.3076923076923, "percent_covered_display": "92", "missing_lines": 2, "excluded_lines": 0}, "missing_lines": [73, 85], "excluded_lines": []}, "_gather_adapter_routes": {"executed_lines": [101, 103, 106], "summary": {"covered_lines": 3, "num_statements": 4, "percent_covered": 75.0, "percent_covered_display": "75", "missing_lines": 1, "excluded_lines": 0}, "missing_lines": [104], "excluded_lines": []}, "_process_adapter_routes": {"executed_lines": [], "summary": {"covered_lines": 0, "num_statements": 16, "percent_covered": 0.0, "percent_covered_display": "0", "missing_lines": 16, "excluded_lines": 0}, "missing_lines": [115, 116, 117, 119, 120, 122, 123, 124, 125, 126, 127, 130, 131, 132, 134, 135], "excluded_lines": []}, "_gather_base_routes": {"executed_lines": [139, 140, 141, 142, 151], "summary": {"covered_lines": 5, "num_statements": 12, "percent_covered": 41.666666666666664, "percent_covered_display": "42", "missing_lines": 7, "excluded_lines": 0}, "missing_lines": [143, 144, 145, 146, 147, 148, 149], "excluded_lines": []}, "_gather_custom_routes": {"executed_lines": [], "summary": {"covered_lines": 0, "num_statements": 14, "percent_covered": 0.0, "percent_covered_display": "0", "missing_lines": 14, "excluded_lines": 0}, "missing_lines": [158, 160, 166, 167, 168, 169, 170, 171, 172, 174, 175, 176, 177, 179], "excluded_lines": []}, "_extract_routes_from_file": {"executed_lines": [], "summary": {"covered_lines": 0, "num_statements": 10, "percent_covered": 0.0, "percent_covered_display": "0", "missing_lines": 10, "excluded_lines": 0}, "missing_lines": [183, 184, 185, 186, 187, 188, 189, 190, 191, 193], "excluded_lines": []}, "_get_module_path_from_file_path": {"executed_lines": [], "summary": {"covered_lines": 0, "num_statements": 4, "percent_covered": 0.0, "percent_covered_display": "0", "missing_lines": 4, "excluded_lines": 0}, "missing_lines": [197, 198, 199, 200], "excluded_lines": []}, "_extract_routes_from_module": {"executed_lines": [], "summary": {"covered_lines": 0, "num_statements": 8, "percent_covered": 0.0, "percent_covered_display": "0", "missing_lines": 8, "excluded_lines": 0}, "missing_lines": [204, 205, 206, 207, 208, 209, 210, 212], "excluded_lines": []}, "_validate_route_objects": {"executed_lines": [], "summary": {"covered_lines": 0, "num_statements": 6, "percent_covered": 0.0, "percent_covered_display": "0", "missing_lines": 6, "excluded_lines": 0}, "missing_lines": [216, 217, 218, 219, 221, 223], "excluded_lines": []}, "gather_route_patterns": {"executed_lines": [], "summary": {"covered_lines": 0, "num_statements": 17, "percent_covered": 0.0, "percent_covered_display": "0", "missing_lines": 17, "excluded_lines": 0}, "missing_lines": [229, 237, 238, 239, 243, 244, 245, 247, 248, 249, 251, 252, 253, 254, 256, 257, 259], "excluded_lines": []}, "create_default_routes": {"executed_lines": [], "summary": {"covered_lines": 0, "num_statements": 8, "percent_covered": 0.0, "percent_covered_display": "0", "missing_lines": 8, "excluded_lines": 0}, "missing_lines": [263, 264, 268, 269, 270, 274, 275, 276], "excluded_lines": []}, "validate_routes": {"executed_lines": [], "summary": {"covered_lines": 0, "num_statements": 5, "percent_covered": 0.0, "percent_covered_display": "0", "missing_lines": 5, "excluded_lines": 0}, "missing_lines": [280, 286, 287, 288, 290], "excluded_lines": []}, "_validate_single_route": {"executed_lines": [], "summary": {"covered_lines": 0, "num_statements": 10, "percent_covered": 0.0, "percent_covered_display": "0", "missing_lines": 10, "excluded_lines": 0}, "missing_lines": [298, 299, 300, 301, 304, 306, 307, 308, 310, 311], "excluded_lines": []}, "_check_route_path_duplicates": {"executed_lines": [], "summary": {"covered_lines": 0, "num_statements": 5, "percent_covered": 0.0, "percent_covered_display": "0", "missing_lines": 5, "excluded_lines": 0}, "missing_lines": [319, 320, 321, 322, 323], "excluded_lines": []}, "_check_route_endpoint": {"executed_lines": [], "summary": {"covered_lines": 0, "num_statements": 4, "percent_covered": 0.0, "percent_covered_display": "0", "missing_lines": 4, "excluded_lines": 0}, "missing_lines": [327, 328, 329, 330], "excluded_lines": []}, "": {"executed_lines": [1, 3, 4, 5, 6, 8, 9, 10, 11, 12, 14, 16, 19, 20, 33, 34, 37, 38, 41, 45, 97, 109, 138, 154, 182, 196, 203, 215, 226, 262, 279, 293, 314, 326], "summary": {"covered_lines": 33, "num_statements": 33, "percent_covered": 100.0, "percent_covered_display": "100", "missing_lines": 0, "excluded_lines": 0}, "missing_lines": [], "excluded_lines": []}}, "classes": {"RouteGatherResult": {"executed_lines": [28, 29, 30, 31, 35, 39], "summary": {"covered_lines": 6, "num_statements": 7, "percent_covered": 85.71428571428571, "percent_covered_display": "86", "missing_lines": 1, "excluded_lines": 0}, "missing_lines": [42], "excluded_lines": []}, "": {"executed_lines": [1, 3, 4, 5, 6, 8, 9, 10, 11, 12, 14, 16, 19, 20, 33, 34, 37, 38, 41, 45, 53, 54, 56, 57, 59, 60, 62, 64, 66, 67, 69, 70, 72, 75, 81, 82, 83, 84, 86, 87, 88, 90, 92, 94, 97, 101, 103, 106, 109, 138, 139, 140, 141, 142, 151, 154, 182, 196, 203, 215, 226, 262, 279, 293, 314, 326], "summary": {"covered_lines": 65, "num_statements": 182, "percent_covered": 35.714285714285715, "percent_covered_display": "36", "missing_lines": 117, "excluded_lines": 0}, "missing_lines": [73, 85, 104, 115, 116, 117, 119, 120, 122, 123, 124, 125, 126, 127, 130, 131, 132, 134, 135, 143, 144, 145, 146, 147, 148, 149, 158, 160, 166, 167, 168, 169, 170, 171, 172, 174, 175, 176, 177, 179, 183, 184, 185, 186, 187, 188, 189, 190, 191, 193, 197, 198, 199, 200, 204, 205, 206, 207, 208, 209, 210, 212, 216, 217, 218, 219, 221, 223, 229, 237, 238, 239, 243, 244, 245, 247, 248, 249, 251, 252, 253, 254, 256, 257, 259, 263, 264, 268, 269, 270, 274, 275, 276, 280, 286, 287, 288, 290, 298, 299, 300, 301, 304, 306, 307, 308, 310, 311, 319, 320, 321, 322, 323, 327, 328, 329, 330], "excluded_lines": []}}}, "fastblocks/actions/gather/strategies.py": {"executed_lines": [1, 3, 4, 5, 6, 8, 11, 12, 13, 14, 15, 18, 19, 20, 21, 24, 25, 36, 37, 38, 39, 40, 41, 42, 45, 48, 49, 56, 57, 58, 59, 61, 62, 65, 66, 69, 70, 74, 79, 80, 82, 84, 86, 92, 94, 97, 101, 102, 103, 104, 105, 108, 112, 113, 117, 121, 122, 123, 125, 126, 127, 129, 130, 138, 139, 140, 142, 147, 150, 173, 178, 179, 181, 183, 189, 194, 195, 196, 199, 203, 204, 205, 206, 207, 208, 210, 211, 217, 232, 249, 270, 290, 299], "summary": {"covered_lines": 92, "num_statements": 158, "percent_covered": 58.22784810126582, "percent_covered_display": "58", "missing_lines": 66, "excluded_lines": 0}, "missing_lines": [63, 67, 71, 114, 144, 145, 154, 155, 157, 158, 159, 163, 165, 166, 167, 168, 170, 182, 184, 185, 186, 213, 214, 222, 223, 225, 229, 233, 235, 236, 237, 238, 239, 240, 241, 242, 243, 244, 245, 246, 255, 256, 258, 259, 261, 263, 267, 271, 273, 274, 275, 276, 279, 281, 282, 283, 284, 285, 286, 287, 291, 292, 293, 295, 296, 300], "excluded_lines": [], "functions": {"GatherStrategy.__init__": {"executed_lines": [36, 37, 38, 39, 40, 41, 42], "summary": {"covered_lines": 7, "num_statements": 7, "percent_covered": 100.0, "percent_covered_display": "100", "missing_lines": 0, "excluded_lines": 0}, "missing_lines": [], "excluded_lines": []}, "GatherResult.__init__": {"executed_lines": [56, 57, 58, 59], "summary": {"covered_lines": 4, "num_statements": 4, "percent_covered": 100.0, "percent_covered_display": "100", "missing_lines": 0, "excluded_lines": 0}, "missing_lines": [], "excluded_lines": []}, "GatherResult.is_success": {"executed_lines": [], "summary": {"covered_lines": 0, "num_statements": 1, "percent_covered": 0.0, "percent_covered_display": "0", "missing_lines": 1, "excluded_lines": 0}, "missing_lines": [63], "excluded_lines": []}, "GatherResult.is_partial": {"executed_lines": [], "summary": {"covered_lines": 0, "num_statements": 1, "percent_covered": 0.0, "percent_covered_display": "0", "missing_lines": 1, "excluded_lines": 0}, "missing_lines": [67], "excluded_lines": []}, "GatherResult.is_failure": {"executed_lines": [], "summary": {"covered_lines": 0, "num_statements": 1, "percent_covered": 0.0, "percent_covered_display": "0", "missing_lines": 1, "excluded_lines": 0}, "missing_lines": [71], "excluded_lines": []}, "gather_with_strategy": {"executed_lines": [79, 80, 82, 84, 86, 92, 94], "summary": {"covered_lines": 7, "num_statements": 7, "percent_covered": 100.0, "percent_covered_display": "100", "missing_lines": 0, "excluded_lines": 0}, "missing_lines": [], "excluded_lines": []}, "_check_cache": {"executed_lines": [101, 102, 103, 104, 105], "summary": {"covered_lines": 5, "num_statements": 5, "percent_covered": 100.0, "percent_covered_display": "100", "missing_lines": 0, "excluded_lines": 0}, "missing_lines": [], "excluded_lines": []}, "_execute_tasks_with_strategy": {"executed_lines": [112, 113], "summary": {"covered_lines": 2, "num_statements": 3, "percent_covered": 66.66666666666667, "percent_covered_display": "67", "missing_lines": 1, "excluded_lines": 0}, "missing_lines": [114], "excluded_lines": []}, "_execute_tasks_parallel": {"executed_lines": [121, 122, 123, 125, 129, 130, 138, 139, 140, 142, 147], "summary": {"covered_lines": 11, "num_statements": 13, "percent_covered": 84.61538461538461, "percent_covered_display": "85", "missing_lines": 2, "excluded_lines": 0}, "missing_lines": [144, 145], "excluded_lines": []}, "_execute_tasks_parallel.execute_with_semaphore": {"executed_lines": [126, 127], "summary": {"covered_lines": 2, "num_statements": 2, "percent_covered": 100.0, "percent_covered_display": "100", "missing_lines": 0, "excluded_lines": 0}, "missing_lines": [], "excluded_lines": []}, "_execute_tasks_sequential": {"executed_lines": [], "summary": {"covered_lines": 0, "num_statements": 11, "percent_covered": 0.0, "percent_covered_display": "0", "missing_lines": 11, "excluded_lines": 0}, "missing_lines": [154, 155, 157, 158, 159, 163, 165, 166, 167, 168, 170], "excluded_lines": []}, "_handle_gather_errors": {"executed_lines": [178, 179, 181, 183], "summary": {"covered_lines": 4, "num_statements": 8, "percent_covered": 50.0, "percent_covered_display": "50", "missing_lines": 4, "excluded_lines": 0}, "missing_lines": [182, 184, 185, 186], "excluded_lines": []}, "_cache_result_if_needed": {"executed_lines": [194, 195, 196], "summary": {"covered_lines": 3, "num_statements": 3, "percent_covered": 100.0, "percent_covered_display": "100", "missing_lines": 0, "excluded_lines": 0}, "missing_lines": [], "excluded_lines": []}, "_execute_with_retry": {"executed_lines": [203, 204, 205, 206, 207, 208, 210, 211], "summary": {"covered_lines": 8, "num_statements": 10, "percent_covered": 80.0, "percent_covered_display": "80", "missing_lines": 2, "excluded_lines": 0}, "missing_lines": [213, 214], "excluded_lines": []}, "gather_modules": {"executed_lines": [], "summary": {"covered_lines": 0, "num_statements": 4, "percent_covered": 0.0, "percent_covered_display": "0", "missing_lines": 4, "excluded_lines": 0}, "missing_lines": [222, 223, 225, 229], "excluded_lines": []}, "_import_module_safe": {"executed_lines": [], "summary": {"covered_lines": 0, "num_statements": 13, "percent_covered": 0.0, "percent_covered_display": "0", "missing_lines": 13, "excluded_lines": 0}, "missing_lines": [233, 235, 236, 237, 238, 239, 240, 241, 242, 243, 244, 245, 246], "excluded_lines": []}, "gather_files": {"executed_lines": [], "summary": {"covered_lines": 0, "num_statements": 7, "percent_covered": 0.0, "percent_covered_display": "0", "missing_lines": 7, "excluded_lines": 0}, "missing_lines": [255, 256, 258, 259, 261, 263, 267], "excluded_lines": []}, "_find_files_safe": {"executed_lines": [], "summary": {"covered_lines": 0, "num_statements": 13, "percent_covered": 0.0, "percent_covered_display": "0", "missing_lines": 13, "excluded_lines": 0}, "missing_lines": [271, 273, 274, 275, 276, 279, 281, 282, 283, 284, 285, 286, 287], "excluded_lines": []}, "clear_cache": {"executed_lines": [], "summary": {"covered_lines": 0, "num_statements": 5, "percent_covered": 0.0, "percent_covered_display": "0", "missing_lines": 5, "excluded_lines": 0}, "missing_lines": [291, 292, 293, 295, 296], "excluded_lines": []}, "get_cache_info": {"executed_lines": [], "summary": {"covered_lines": 0, "num_statements": 1, "percent_covered": 0.0, "percent_covered_display": "0", "missing_lines": 1, "excluded_lines": 0}, "missing_lines": [300], "excluded_lines": []}, "": {"executed_lines": [1, 3, 4, 5, 6, 8, 11, 12, 13, 14, 15, 18, 19, 20, 21, 24, 25, 45, 48, 49, 61, 62, 65, 66, 69, 70, 74, 97, 108, 117, 150, 173, 189, 199, 217, 232, 249, 270, 290, 299], "summary": {"covered_lines": 39, "num_statements": 39, "percent_covered": 100.0, "percent_covered_display": "100", "missing_lines": 0, "excluded_lines": 0}, "missing_lines": [], "excluded_lines": []}}, "classes": {"ErrorStrategy": {"executed_lines": [], "summary": {"covered_lines": 0, "num_statements": 0, "percent_covered": 100.0, "percent_covered_display": "100", "missing_lines": 0, "excluded_lines": 0}, "missing_lines": [], "excluded_lines": []}, "CacheStrategy": {"executed_lines": [], "summary": {"covered_lines": 0, "num_statements": 0, "percent_covered": 100.0, "percent_covered_display": "100", "missing_lines": 0, "excluded_lines": 0}, "missing_lines": [], "excluded_lines": []}, "GatherStrategy": {"executed_lines": [36, 37, 38, 39, 40, 41, 42], "summary": {"covered_lines": 7, "num_statements": 7, "percent_covered": 100.0, "percent_covered_display": "100", "missing_lines": 0, "excluded_lines": 0}, "missing_lines": [], "excluded_lines": []}, "GatherResult": {"executed_lines": [56, 57, 58, 59], "summary": {"covered_lines": 4, "num_statements": 7, "percent_covered": 57.142857142857146, "percent_covered_display": "57", "missing_lines": 3, "excluded_lines": 0}, "missing_lines": [63, 67, 71], "excluded_lines": []}, "": {"executed_lines": [1, 3, 4, 5, 6, 8, 11, 12, 13, 14, 15, 18, 19, 20, 21, 24, 25, 45, 48, 49, 61, 62, 65, 66, 69, 70, 74, 79, 80, 82, 84, 86, 92, 94, 97, 101, 102, 103, 104, 105, 108, 112, 113, 117, 121, 122, 123, 125, 126, 127, 129, 130, 138, 139, 140, 142, 147, 150, 173, 178, 179, 181, 183, 189, 194, 195, 196, 199, 203, 204, 205, 206, 207, 208, 210, 211, 217, 232, 249, 270, 290, 299], "summary": {"covered_lines": 81, "num_statements": 144, "percent_covered": 56.25, "percent_covered_display": "56", "missing_lines": 63, "excluded_lines": 0}, "missing_lines": [114, 144, 145, 154, 155, 157, 158, 159, 163, 165, 166, 167, 168, 170, 182, 184, 185, 186, 213, 214, 222, 223, 225, 229, 233, 235, 236, 237, 238, 239, 240, 241, 242, 243, 244, 245, 246, 255, 256, 258, 259, 261, 263, 267, 271, 273, 274, 275, 276, 279, 281, 282, 283, 284, 285, 286, 287, 291, 292, 293, 295, 296, 300], "excluded_lines": []}}}, "fastblocks/actions/gather/templates.py": {"executed_lines": [1, 3, 4, 5, 6, 8, 9, 10, 12, 15, 16, 26, 27, 28, 31, 32, 33, 35, 36, 37, 45, 46, 47, 50, 60, 69, 71, 73, 79, 81, 82, 84, 87, 96, 97, 98, 99, 101, 114, 117, 119, 127, 128, 130, 132, 133, 135, 137, 138, 140, 142, 144, 147, 151, 159, 160, 161, 164, 169, 170, 185, 186, 187, 218, 242, 243, 244, 246, 247, 249, 252, 253, 254, 256, 257, 258, 261, 262, 265, 266, 274, 284, 290, 310, 311, 312, 313, 315, 316, 320, 330, 333, 347, 359, 372, 386, 387, 388, 389, 394, 395, 396, 397, 400, 401, 402, 403, 405, 406, 407, 408, 409, 412, 413, 417, 420, 461, 500], "summary": {"covered_lines": 117, "num_statements": 261, "percent_covered": 44.827586206896555, "percent_covered_display": "45", "missing_lines": 144, "excluded_lines": 0}, "missing_lines": [180, 181, 182, 183, 184, 189, 190, 191, 193, 195, 196, 198, 199, 201, 202, 204, 205, 206, 208, 209, 210, 211, 212, 214, 215, 219, 220, 221, 223, 224, 225, 226, 227, 228, 229, 234, 235, 236, 237, 238, 239, 267, 268, 269, 270, 271, 278, 279, 280, 281, 285, 293, 294, 295, 296, 297, 298, 299, 300, 301, 303, 304, 305, 306, 307, 321, 322, 323, 324, 325, 326, 327, 328, 336, 337, 338, 339, 340, 341, 342, 343, 344, 352, 353, 354, 356, 364, 365, 366, 367, 368, 369, 377, 378, 379, 380, 381, 382, 383, 393, 410, 411, 414, 415, 424, 425, 429, 430, 431, 432, 434, 436, 437, 440, 443, 445, 450, 455, 457, 458, 465, 466, 468, 470, 472, 480, 481, 483, 484, 486, 487, 489, 490, 491, 492, 493, 494, 496, 497, 504, 505, 506, 508, 510], "excluded_lines": [], "functions": {"TemplateGatherResult.__init__": {"executed_lines": [26, 27, 28, 31, 32, 33], "summary": {"covered_lines": 6, "num_statements": 6, "percent_covered": 100.0, "percent_covered_display": "100", "missing_lines": 0, "excluded_lines": 0}, "missing_lines": [], "excluded_lines": []}, "TemplateGatherResult.total_components": {"executed_lines": [37], "summary": {"covered_lines": 1, "num_statements": 1, "percent_covered": 100.0, "percent_covered_display": "100", "missing_lines": 0, "excluded_lines": 0}, "missing_lines": [], "excluded_lines": []}, "TemplateGatherResult.has_errors": {"executed_lines": [47], "summary": {"covered_lines": 1, "num_statements": 1, "percent_covered": 100.0, "percent_covered_display": "100", "missing_lines": 0, "excluded_lines": 0}, "missing_lines": [], "excluded_lines": []}, "gather_templates": {"executed_lines": [60, 69, 71, 73, 79, 81, 82, 84], "summary": {"covered_lines": 8, "num_statements": 8, "percent_covered": 100.0, "percent_covered_display": "100", "missing_lines": 0, "excluded_lines": 0}, "missing_lines": [], "excluded_lines": []}, "_prepare_template_gather_config": {"executed_lines": [96, 97, 98, 99, 101], "summary": {"covered_lines": 5, "num_statements": 5, "percent_covered": 100.0, "percent_covered_display": "100", "missing_lines": 0, "excluded_lines": 0}, "missing_lines": [], "excluded_lines": []}, "_build_template_gather_tasks": {"executed_lines": [117, 119, 127, 128, 130, 132, 133, 135, 137, 138, 140, 142, 144], "summary": {"covered_lines": 13, "num_statements": 13, "percent_covered": 100.0, "percent_covered_display": "100", "missing_lines": 0, "excluded_lines": 0}, "missing_lines": [], "excluded_lines": []}, "_process_template_gather_results": {"executed_lines": [151, 159, 160, 161], "summary": {"covered_lines": 4, "num_statements": 4, "percent_covered": 100.0, "percent_covered_display": "100", "missing_lines": 0, "excluded_lines": 0}, "missing_lines": [], "excluded_lines": []}, "_gather_loaders": {"executed_lines": [169, 170, 185, 186, 187], "summary": {"covered_lines": 5, "num_statements": 30, "percent_covered": 16.666666666666668, "percent_covered_display": "17", "missing_lines": 25, "excluded_lines": 0}, "missing_lines": [180, 181, 182, 183, 184, 189, 190, 191, 193, 195, 196, 198, 199, 201, 202, 204, 205, 206, 208, 209, 210, 211, 212, 214, 215], "excluded_lines": []}, "_gather_extensions": {"executed_lines": [], "summary": {"covered_lines": 0, "num_statements": 16, "percent_covered": 0.0, "percent_covered_display": "0", "missing_lines": 16, "excluded_lines": 0}, "missing_lines": [219, 220, 221, 223, 224, 225, 226, 227, 228, 229, 234, 235, 236, 237, 238, 239], "excluded_lines": []}, "_gather_default_extensions": {"executed_lines": [243, 244, 246, 247, 249], "summary": {"covered_lines": 5, "num_statements": 5, "percent_covered": 100.0, "percent_covered_display": "100", "missing_lines": 0, "excluded_lines": 0}, "missing_lines": [], "excluded_lines": []}, "_load_config_extensions": {"executed_lines": [253, 254, 256, 257, 258], "summary": {"covered_lines": 5, "num_statements": 5, "percent_covered": 100.0, "percent_covered_display": "100", "missing_lines": 0, "excluded_lines": 0}, "missing_lines": [], "excluded_lines": []}, "_has_template_extensions_config": {"executed_lines": [262], "summary": {"covered_lines": 1, "num_statements": 1, "percent_covered": 100.0, "percent_covered_display": "100", "missing_lines": 0, "excluded_lines": 0}, "missing_lines": [], "excluded_lines": []}, "_process_extension_paths": {"executed_lines": [266], "summary": {"covered_lines": 1, "num_statements": 6, "percent_covered": 16.666666666666668, "percent_covered_display": "17", "missing_lines": 5, "excluded_lines": 0}, "missing_lines": [267, 268, 269, 270, 271], "excluded_lines": []}, "_extract_extension_classes_from_module": {"executed_lines": [], "summary": {"covered_lines": 0, "num_statements": 4, "percent_covered": 0.0, "percent_covered_display": "0", "missing_lines": 4, "excluded_lines": 0}, "missing_lines": [278, 279, 280, 281], "excluded_lines": []}, "_is_valid_extension_class": {"executed_lines": [], "summary": {"covered_lines": 0, "num_statements": 1, "percent_covered": 0.0, "percent_covered_display": "0", "missing_lines": 1, "excluded_lines": 0}, "missing_lines": [285], "excluded_lines": []}, "_gather_context_processors": {"executed_lines": [], "summary": {"covered_lines": 0, "num_statements": 14, "percent_covered": 0.0, "percent_covered_display": "0", "missing_lines": 14, "excluded_lines": 0}, "missing_lines": [293, 294, 295, 296, 297, 298, 299, 300, 301, 303, 304, 305, 306, 307], "excluded_lines": []}, "_gather_default_context_processors": {"executed_lines": [311, 312, 313, 315, 316, 320, 330], "summary": {"covered_lines": 7, "num_statements": 15, "percent_covered": 46.666666666666664, "percent_covered_display": "47", "missing_lines": 8, "excluded_lines": 0}, "missing_lines": [321, 322, 323, 324, 325, 326, 327, 328], "excluded_lines": []}, "_gather_filters": {"executed_lines": [], "summary": {"covered_lines": 0, "num_statements": 9, "percent_covered": 0.0, "percent_covered_display": "0", "missing_lines": 9, "excluded_lines": 0}, "missing_lines": [336, 337, 338, 339, 340, 341, 342, 343, 344], "excluded_lines": []}, "_extract_filters_from_module": {"executed_lines": [], "summary": {"covered_lines": 0, "num_statements": 4, "percent_covered": 0.0, "percent_covered_display": "0", "missing_lines": 4, "excluded_lines": 0}, "missing_lines": [352, 353, 354, 356], "excluded_lines": []}, "_extract_filters_from_class": {"executed_lines": [], "summary": {"covered_lines": 0, "num_statements": 6, "percent_covered": 0.0, "percent_covered_display": "0", "missing_lines": 6, "excluded_lines": 0}, "missing_lines": [364, 365, 366, 367, 368, 369], "excluded_lines": []}, "_extract_filter_functions": {"executed_lines": [], "summary": {"covered_lines": 0, "num_statements": 7, "percent_covered": 0.0, "percent_covered_display": "0", "missing_lines": 7, "excluded_lines": 0}, "missing_lines": [377, 378, 379, 380, 381, 382, 383], "excluded_lines": []}, "_gather_default_filters": {"executed_lines": [387, 388, 389, 394, 395, 396, 397], "summary": {"covered_lines": 7, "num_statements": 8, "percent_covered": 87.5, "percent_covered_display": "88", "missing_lines": 1, "excluded_lines": 0}, "missing_lines": [393], "excluded_lines": []}, "_gather_template_globals": {"executed_lines": [401, 402, 403, 405, 406, 407, 408, 409, 412, 413, 417], "summary": {"covered_lines": 11, "num_statements": 15, "percent_covered": 73.33333333333333, "percent_covered_display": "73", "missing_lines": 4, "excluded_lines": 0}, "missing_lines": [410, 411, 414, 415], "excluded_lines": []}, "create_choice_loader": {"executed_lines": [], "summary": {"covered_lines": 0, "num_statements": 16, "percent_covered": 0.0, "percent_covered_display": "0", "missing_lines": 16, "excluded_lines": 0}, "missing_lines": [424, 425, 429, 430, 431, 432, 434, 436, 437, 440, 443, 445, 450, 455, 457, 458], "excluded_lines": []}, "create_template_environment": {"executed_lines": [], "summary": {"covered_lines": 0, "num_statements": 19, "percent_covered": 0.0, "percent_covered_display": "0", "missing_lines": 19, "excluded_lines": 0}, "missing_lines": [465, 466, 468, 470, 472, 480, 481, 483, 484, 486, 487, 489, 490, 491, 492, 493, 494, 496, 497], "excluded_lines": []}, "register_template_filters": {"executed_lines": [], "summary": {"covered_lines": 0, "num_statements": 5, "percent_covered": 0.0, "percent_covered_display": "0", "missing_lines": 5, "excluded_lines": 0}, "missing_lines": [504, 505, 506, 508, 510], "excluded_lines": []}, "": {"executed_lines": [1, 3, 4, 5, 6, 8, 9, 10, 12, 15, 16, 35, 36, 45, 46, 50, 87, 114, 147, 164, 218, 242, 252, 261, 265, 274, 284, 290, 310, 333, 347, 359, 372, 386, 400, 420, 461, 500], "summary": {"covered_lines": 37, "num_statements": 37, "percent_covered": 100.0, "percent_covered_display": "100", "missing_lines": 0, "excluded_lines": 0}, "missing_lines": [], "excluded_lines": []}}, "classes": {"TemplateGatherResult": {"executed_lines": [26, 27, 28, 31, 32, 33, 37, 47], "summary": {"covered_lines": 8, "num_statements": 8, "percent_covered": 100.0, "percent_covered_display": "100", "missing_lines": 0, "excluded_lines": 0}, "missing_lines": [], "excluded_lines": []}, "": {"executed_lines": [1, 3, 4, 5, 6, 8, 9, 10, 12, 15, 16, 35, 36, 45, 46, 50, 60, 69, 71, 73, 79, 81, 82, 84, 87, 96, 97, 98, 99, 101, 114, 117, 119, 127, 128, 130, 132, 133, 135, 137, 138, 140, 142, 144, 147, 151, 159, 160, 161, 164, 169, 170, 185, 186, 187, 218, 242, 243, 244, 246, 247, 249, 252, 253, 254, 256, 257, 258, 261, 262, 265, 266, 274, 284, 290, 310, 311, 312, 313, 315, 316, 320, 330, 333, 347, 359, 372, 386, 387, 388, 389, 394, 395, 396, 397, 400, 401, 402, 403, 405, 406, 407, 408, 409, 412, 413, 417, 420, 461, 500], "summary": {"covered_lines": 109, "num_statements": 253, "percent_covered": 43.08300395256917, "percent_covered_display": "43", "missing_lines": 144, "excluded_lines": 0}, "missing_lines": [180, 181, 182, 183, 184, 189, 190, 191, 193, 195, 196, 198, 199, 201, 202, 204, 205, 206, 208, 209, 210, 211, 212, 214, 215, 219, 220, 221, 223, 224, 225, 226, 227, 228, 229, 234, 235, 236, 237, 238, 239, 267, 268, 269, 270, 271, 278, 279, 280, 281, 285, 293, 294, 295, 296, 297, 298, 299, 300, 301, 303, 304, 305, 306, 307, 321, 322, 323, 324, 325, 326, 327, 328, 336, 337, 338, 339, 340, 341, 342, 343, 344, 352, 353, 354, 356, 364, 365, 366, 367, 368, 369, 377, 378, 379, 380, 381, 382, 383, 393, 410, 411, 414, 415, 424, 425, 429, 430, 431, 432, 434, 436, 437, 440, 443, 445, 450, 455, 457, 458, 465, 466, 468, 470, 472, 480, 481, 483, 484, 486, 487, 489, 490, 491, 492, 493, 494, 496, 497, 504, 505, 506, 508, 510], "excluded_lines": []}}}, "fastblocks/actions/query/parser.py": {"executed_lines": [], "summary": {"covered_lines": 0, "num_statements": 198, "percent_covered": 0.0, "percent_covered_display": "0", "missing_lines": 198, "excluded_lines": 0}, "missing_lines": [10, 11, 13, 14, 15, 16, 19, 20, 28, 29, 30, 31, 32, 33, 35, 36, 37, 40, 41, 42, 44, 45, 46, 47, 48, 49, 50, 52, 53, 54, 55, 56, 57, 58, 60, 61, 62, 63, 65, 66, 67, 68, 69, 70, 71, 72, 74, 75, 76, 77, 78, 79, 81, 82, 83, 84, 86, 87, 89, 92, 93, 94, 95, 96, 97, 98, 99, 100, 101, 102, 103, 104, 105, 106, 107, 108, 109, 110, 111, 112, 113, 114, 116, 118, 121, 122, 126, 128, 131, 132, 133, 134, 136, 137, 138, 140, 142, 143, 144, 145, 146, 147, 149, 150, 151, 152, 153, 154, 155, 156, 157, 158, 159, 160, 162, 165, 166, 167, 169, 170, 171, 172, 173, 174, 175, 176, 178, 179, 180, 181, 182, 185, 186, 188, 189, 190, 191, 192, 193, 194, 195, 196, 197, 198, 200, 209, 210, 212, 213, 214, 216, 217, 218, 220, 222, 223, 224, 225, 226, 227, 228, 229, 230, 231, 232, 233, 235, 236, 237, 238, 240, 241, 242, 244, 254, 255, 256, 257, 258, 259, 260, 262, 265, 270, 271, 273, 275, 276, 277, 279, 280, 282, 283, 284, 285, 287, 289, 301], "excluded_lines": [], "functions": {"UniversalQueryParser.__init__": {"executed_lines": [], "summary": {"covered_lines": 0, "num_statements": 6, "percent_covered": 0.0, "percent_covered_display": "0", "missing_lines": 6, "excluded_lines": 0}, "missing_lines": [28, 29, 30, 31, 32, 33], "excluded_lines": []}, "UniversalQueryParser._parse_pagination": {"executed_lines": [], "summary": {"covered_lines": 0, "num_statements": 5, "percent_covered": 0.0, "percent_covered_display": "0", "missing_lines": 5, "excluded_lines": 0}, "missing_lines": [36, 37, 40, 41, 42], "excluded_lines": []}, "UniversalQueryParser._parse_sorting": {"executed_lines": [], "summary": {"covered_lines": 0, "num_statements": 6, "percent_covered": 0.0, "percent_covered_display": "0", "missing_lines": 6, "excluded_lines": 0}, "missing_lines": [45, 46, 47, 48, 49, 50], "excluded_lines": []}, "UniversalQueryParser._parse_filters": {"executed_lines": [], "summary": {"covered_lines": 0, "num_statements": 10, "percent_covered": 0.0, "percent_covered_display": "0", "missing_lines": 10, "excluded_lines": 0}, "missing_lines": [53, 54, 55, 56, 57, 58, 60, 61, 62, 63], "excluded_lines": []}, "UniversalQueryParser._process_operator_value": {"executed_lines": [], "summary": {"covered_lines": 0, "num_statements": 7, "percent_covered": 0.0, "percent_covered_display": "0", "missing_lines": 7, "excluded_lines": 0}, "missing_lines": [66, 67, 68, 69, 70, 71, 72], "excluded_lines": []}, "UniversalQueryParser._process_simple_value": {"executed_lines": [], "summary": {"covered_lines": 0, "num_statements": 5, "percent_covered": 0.0, "percent_covered_display": "0", "missing_lines": 5, "excluded_lines": 0}, "missing_lines": [75, 76, 77, 78, 79], "excluded_lines": []}, "UniversalQueryParser._convert_to_number": {"executed_lines": [], "summary": {"covered_lines": 0, "num_statements": 5, "percent_covered": 0.0, "percent_covered_display": "0", "missing_lines": 5, "excluded_lines": 0}, "missing_lines": [82, 83, 84, 86, 87], "excluded_lines": []}, "UniversalQueryParser._apply_filters": {"executed_lines": [], "summary": {"covered_lines": 0, "num_statements": 28, "percent_covered": 0.0, "percent_covered_display": "0", "missing_lines": 28, "excluded_lines": 0}, "missing_lines": [92, 93, 94, 95, 96, 97, 98, 99, 100, 101, 102, 103, 104, 105, 106, 107, 108, 109, 110, 111, 112, 113, 114, 116, 118, 121, 122, 126], "excluded_lines": []}, "UniversalQueryParser._apply_sorting": {"executed_lines": [], "summary": {"covered_lines": 0, "num_statements": 8, "percent_covered": 0.0, "percent_covered_display": "0", "missing_lines": 8, "excluded_lines": 0}, "missing_lines": [131, 132, 133, 134, 136, 137, 138, 140], "excluded_lines": []}, "UniversalQueryParser._apply_pagination": {"executed_lines": [], "summary": {"covered_lines": 0, "num_statements": 5, "percent_covered": 0.0, "percent_covered_display": "0", "missing_lines": 5, "excluded_lines": 0}, "missing_lines": [143, 144, 145, 146, 147], "excluded_lines": []}, "UniversalQueryParser.parse_and_execute": {"executed_lines": [], "summary": {"covered_lines": 0, "num_statements": 15, "percent_covered": 0.0, "percent_covered_display": "0", "missing_lines": 15, "excluded_lines": 0}, "missing_lines": [150, 151, 152, 153, 154, 155, 156, 157, 158, 159, 160, 162, 165, 166, 167], "excluded_lines": []}, "UniversalQueryParser._validate_query_requirements": {"executed_lines": [], "summary": {"covered_lines": 0, "num_statements": 7, "percent_covered": 0.0, "percent_covered_display": "0", "missing_lines": 7, "excluded_lines": 0}, "missing_lines": [170, 171, 172, 173, 174, 175, 176], "excluded_lines": []}, "UniversalQueryParser._get_query_builder": {"executed_lines": [], "summary": {"covered_lines": 0, "num_statements": 6, "percent_covered": 0.0, "percent_covered_display": "0", "missing_lines": 6, "excluded_lines": 0}, "missing_lines": [179, 180, 181, 182, 185, 186], "excluded_lines": []}, "UniversalQueryParser._handle_simple_pattern": {"executed_lines": [], "summary": {"covered_lines": 0, "num_statements": 10, "percent_covered": 0.0, "percent_covered_display": "0", "missing_lines": 10, "excluded_lines": 0}, "missing_lines": [189, 190, 191, 192, 193, 194, 195, 196, 197, 198], "excluded_lines": []}, "UniversalQueryParser._execute_query": {"executed_lines": [], "summary": {"covered_lines": 0, "num_statements": 9, "percent_covered": 0.0, "percent_covered_display": "0", "missing_lines": 9, "excluded_lines": 0}, "missing_lines": [209, 210, 212, 213, 214, 216, 217, 218, 220], "excluded_lines": []}, "UniversalQueryParser.get_count": {"executed_lines": [], "summary": {"covered_lines": 0, "num_statements": 15, "percent_covered": 0.0, "percent_covered_display": "0", "missing_lines": 15, "excluded_lines": 0}, "missing_lines": [223, 224, 225, 226, 227, 228, 229, 230, 231, 232, 233, 235, 236, 237, 238], "excluded_lines": []}, "UniversalQueryParser.get_pagination_info": {"executed_lines": [], "summary": {"covered_lines": 0, "num_statements": 3, "percent_covered": 0.0, "percent_covered_display": "0", "missing_lines": 3, "excluded_lines": 0}, "missing_lines": [241, 242, 244], "excluded_lines": []}, "get_model_for_query": {"executed_lines": [], "summary": {"covered_lines": 0, "num_statements": 7, "percent_covered": 0.0, "percent_covered_display": "0", "missing_lines": 7, "excluded_lines": 0}, "missing_lines": [255, 256, 257, 258, 259, 260, 262], "excluded_lines": []}, "create_query_context": {"executed_lines": [], "summary": {"covered_lines": 0, "num_statements": 15, "percent_covered": 0.0, "percent_covered_display": "0", "missing_lines": 15, "excluded_lines": 0}, "missing_lines": [270, 271, 273, 275, 276, 277, 279, 280, 282, 283, 284, 285, 287, 289, 301], "excluded_lines": []}, "": {"executed_lines": [], "summary": {"covered_lines": 0, "num_statements": 26, "percent_covered": 0.0, "percent_covered_display": "0", "missing_lines": 26, "excluded_lines": 0}, "missing_lines": [10, 11, 13, 14, 15, 16, 19, 20, 35, 44, 52, 65, 74, 81, 89, 128, 142, 149, 169, 178, 188, 200, 222, 240, 254, 265], "excluded_lines": []}}, "classes": {"UniversalQueryParser": {"executed_lines": [], "summary": {"covered_lines": 0, "num_statements": 150, "percent_covered": 0.0, "percent_covered_display": "0", "missing_lines": 150, "excluded_lines": 0}, "missing_lines": [28, 29, 30, 31, 32, 33, 36, 37, 40, 41, 42, 45, 46, 47, 48, 49, 50, 53, 54, 55, 56, 57, 58, 60, 61, 62, 63, 66, 67, 68, 69, 70, 71, 72, 75, 76, 77, 78, 79, 82, 83, 84, 86, 87, 92, 93, 94, 95, 96, 97, 98, 99, 100, 101, 102, 103, 104, 105, 106, 107, 108, 109, 110, 111, 112, 113, 114, 116, 118, 121, 122, 126, 131, 132, 133, 134, 136, 137, 138, 140, 143, 144, 145, 146, 147, 150, 151, 152, 153, 154, 155, 156, 157, 158, 159, 160, 162, 165, 166, 167, 170, 171, 172, 173, 174, 175, 176, 179, 180, 181, 182, 185, 186, 189, 190, 191, 192, 193, 194, 195, 196, 197, 198, 209, 210, 212, 213, 214, 216, 217, 218, 220, 223, 224, 225, 226, 227, 228, 229, 230, 231, 232, 233, 235, 236, 237, 238, 241, 242, 244], "excluded_lines": []}, "": {"executed_lines": [], "summary": {"covered_lines": 0, "num_statements": 48, "percent_covered": 0.0, "percent_covered_display": "0", "missing_lines": 48, "excluded_lines": 0}, "missing_lines": [10, 11, 13, 14, 15, 16, 19, 20, 35, 44, 52, 65, 74, 81, 89, 128, 142, 149, 169, 178, 188, 200, 222, 240, 254, 255, 256, 257, 258, 259, 260, 262, 265, 270, 271, 273, 275, 276, 277, 279, 280, 282, 283, 284, 285, 287, 289, 301], "excluded_lines": []}}}, "fastblocks/actions/sync/cache.py": {"executed_lines": [1, 3, 5, 7, 10, 11, 19, 20, 21, 22, 27, 35, 36, 38, 39, 41, 43, 45, 46, 48, 50, 58, 59, 60, 71, 82, 86, 89, 95, 97, 100, 107, 112, 121, 122, 123, 124, 125, 129, 130, 131, 135, 136, 137, 162, 163, 164, 167, 173, 178, 179, 180, 181, 182, 183, 184, 192, 214, 219, 229, 230, 232, 234, 238, 239, 240, 249, 250, 256, 261, 264, 300, 348, 377, 386, 397, 419, 448, 466, 483], "summary": {"covered_lines": 79, "num_statements": 275, "percent_covered": 28.727272727272727, "percent_covered_display": "29", "missing_lines": 196, "excluded_lines": 0}, "missing_lines": [51, 52, 54, 55, 56, 61, 62, 63, 64, 65, 66, 68, 69, 76, 78, 79, 80, 108, 109, 110, 113, 114, 115, 116, 117, 118, 119, 126, 127, 132, 133, 138, 139, 141, 142, 143, 144, 146, 147, 148, 150, 151, 152, 154, 157, 158, 159, 160, 174, 175, 176, 185, 187, 188, 189, 198, 199, 200, 201, 203, 204, 205, 206, 207, 209, 210, 211, 235, 236, 241, 243, 244, 245, 247, 252, 253, 269, 270, 272, 273, 274, 275, 276, 277, 278, 280, 281, 282, 283, 284, 285, 286, 288, 289, 290, 291, 292, 293, 294, 296, 297, 304, 309, 310, 312, 314, 315, 316, 318, 319, 320, 321, 323, 324, 325, 326, 327, 329, 330, 331, 333, 334, 336, 338, 339, 341, 342, 343, 345, 351, 352, 354, 362, 363, 364, 365, 367, 368, 370, 371, 372, 374, 378, 380, 381, 382, 383, 387, 388, 389, 390, 391, 392, 393, 394, 402, 403, 404, 405, 406, 408, 413, 415, 416, 423, 429, 430, 431, 432, 433, 436, 439, 441, 442, 443, 445, 452, 453, 454, 455, 456, 457, 459, 460, 461, 462, 463, 468, 470, 471, 473, 474, 476, 477, 478, 484], "excluded_lines": [], "functions": {"CacheSyncResult.__init__": {"executed_lines": [19, 20, 21, 22], "summary": {"covered_lines": 4, "num_statements": 4, "percent_covered": 100.0, "percent_covered_display": "100", "missing_lines": 0, "excluded_lines": 0}, "missing_lines": [], "excluded_lines": []}, "sync_cache": {"executed_lines": [35, 36, 38, 39, 41, 43, 45, 46, 48, 50, 58, 59, 60, 71, 82, 86], "summary": {"covered_lines": 16, "num_statements": 33, "percent_covered": 48.484848484848484, "percent_covered_display": "48", "missing_lines": 17, "excluded_lines": 0}, "missing_lines": [51, 52, 54, 55, 56, 61, 62, 63, 64, 65, 66, 68, 69, 76, 78, 79, 80], "excluded_lines": []}, "_refresh_cache": {"executed_lines": [95, 97], "summary": {"covered_lines": 2, "num_statements": 2, "percent_covered": 100.0, "percent_covered_display": "100", "missing_lines": 0, "excluded_lines": 0}, "missing_lines": [], "excluded_lines": []}, "_invalidate_cache": {"executed_lines": [107, 112, 121, 122, 123, 124, 125, 129, 130, 131, 135, 136, 137, 162, 163, 164], "summary": {"covered_lines": 16, "num_statements": 47, "percent_covered": 34.04255319148936, "percent_covered_display": "34", "missing_lines": 31, "excluded_lines": 0}, "missing_lines": [108, 109, 110, 113, 114, 115, 116, 117, 118, 119, 126, 127, 132, 133, 138, 139, 141, 142, 143, 144, 146, 147, 148, 150, 151, 152, 154, 157, 158, 159, 160], "excluded_lines": []}, "_warm_cache": {"executed_lines": [173, 178, 179, 180, 181, 182, 183, 184], "summary": {"covered_lines": 8, "num_statements": 15, "percent_covered": 53.333333333333336, "percent_covered_display": "53", "missing_lines": 7, "excluded_lines": 0}, "missing_lines": [174, 175, 176, 185, 187, 188, 189], "excluded_lines": []}, "_clear_cache": {"executed_lines": [], "summary": {"covered_lines": 0, "num_statements": 12, "percent_covered": 0.0, "percent_covered_display": "0", "missing_lines": 12, "excluded_lines": 0}, "missing_lines": [198, 199, 200, 201, 203, 204, 205, 206, 207, 209, 210, 211], "excluded_lines": []}, "_warm_template_cache": {"executed_lines": [219, 229, 230, 232, 234, 238, 239, 240, 249, 250], "summary": {"covered_lines": 10, "num_statements": 19, "percent_covered": 52.63157894736842, "percent_covered_display": "53", "missing_lines": 9, "excluded_lines": 0}, "missing_lines": [235, 236, 241, 243, 244, 245, 247, 252, 253], "excluded_lines": []}, "_warm_response_cache": {"executed_lines": [261], "summary": {"covered_lines": 1, "num_statements": 1, "percent_covered": 100.0, "percent_covered_display": "100", "missing_lines": 0, "excluded_lines": 0}, "missing_lines": [], "excluded_lines": []}, "_warm_gather_cache": {"executed_lines": [], "summary": {"covered_lines": 0, "num_statements": 25, "percent_covered": 0.0, "percent_covered_display": "0", "missing_lines": 25, "excluded_lines": 0}, "missing_lines": [269, 270, 272, 273, 274, 275, 276, 277, 278, 280, 281, 282, 283, 284, 285, 286, 288, 289, 290, 291, 292, 293, 294, 296, 297], "excluded_lines": []}, "invalidate_template_cache": {"executed_lines": [], "summary": {"covered_lines": 0, "num_statements": 28, "percent_covered": 0.0, "percent_covered_display": "0", "missing_lines": 28, "excluded_lines": 0}, "missing_lines": [304, 309, 310, 312, 314, 315, 316, 318, 319, 320, 321, 323, 324, 325, 326, 327, 329, 330, 331, 333, 334, 336, 338, 339, 341, 342, 343, 345], "excluded_lines": []}, "get_cache_stats": {"executed_lines": [], "summary": {"covered_lines": 0, "num_statements": 13, "percent_covered": 0.0, "percent_covered_display": "0", "missing_lines": 13, "excluded_lines": 0}, "missing_lines": [351, 352, 354, 362, 363, 364, 365, 367, 368, 370, 371, 372, 374], "excluded_lines": []}, "_get_cache_adapter": {"executed_lines": [], "summary": {"covered_lines": 0, "num_statements": 5, "percent_covered": 0.0, "percent_covered_display": "0", "missing_lines": 5, "excluded_lines": 0}, "missing_lines": [378, 380, 381, 382, 383], "excluded_lines": []}, "_collect_cache_info": {"executed_lines": [], "summary": {"covered_lines": 0, "num_statements": 8, "percent_covered": 0.0, "percent_covered_display": "0", "missing_lines": 8, "excluded_lines": 0}, "missing_lines": [387, 388, 389, 390, 391, 392, 393, 394], "excluded_lines": []}, "_collect_namespace_stats": {"executed_lines": [], "summary": {"covered_lines": 0, "num_statements": 9, "percent_covered": 0.0, "percent_covered_display": "0", "missing_lines": 9, "excluded_lines": 0}, "missing_lines": [402, 403, 404, 405, 406, 408, 413, 415, 416], "excluded_lines": []}, "optimize_cache": {"executed_lines": [], "summary": {"covered_lines": 0, "num_statements": 12, "percent_covered": 0.0, "percent_covered_display": "0", "missing_lines": 12, "excluded_lines": 0}, "missing_lines": [423, 429, 430, 431, 432, 433, 436, 439, 441, 442, 443, 445], "excluded_lines": []}, "_configure_memory_settings": {"executed_lines": [], "summary": {"covered_lines": 0, "num_statements": 11, "percent_covered": 0.0, "percent_covered_display": "0", "missing_lines": 11, "excluded_lines": 0}, "missing_lines": [452, 453, 454, 455, 456, 457, 459, 460, 461, 462, 463], "excluded_lines": []}, "_analyze_cache_stats": {
[...]
nes": [], "summary": {"covered_lines": 0, "num_statements": 3, "percent_covered": 0.0, "percent_covered_display": "0", "missing_lines": 3, "excluded_lines": 0}, "missing_lines": [60, 63, 64], "excluded_lines": []}, "LazyLogger": {"executed_lines": [], "summary": {"covered_lines": 0, "num_statements": 6, "percent_covered": 0.0, "percent_covered_display": "0", "missing_lines": 6, "excluded_lines": 0}, "missing_lines": [69, 72, 73, 74, 75, 76], "excluded_lines": []}, "": {"executed_lines": [], "summary": {"covered_lines": 0, "num_statements": 43, "percent_covered": 0.0, "percent_covered_display": "0", "missing_lines": 43, "excluded_lines": 0}, "missing_lines": [1, 2, 4, 5, 7, 8, 11, 13, 14, 15, 16, 17, 21, 22, 26, 29, 30, 31, 32, 33, 34, 35, 36, 37, 38, 41, 42, 43, 44, 46, 47, 50, 53, 54, 55, 58, 59, 62, 67, 68, 71, 79, 80], "excluded_lines": []}}}, "fastblocks/middleware.py": {"executed_lines": [1, 2, 3, 4, 5, 7, 8, 9, 10, 11, 12, 13, 14, 15, 16, 18, 25, 27, 28, 29, 30, 33, 34, 35, 36, 37, 38, 39, 42, 43, 44, 45, 47, 48, 49, 50, 52, 54, 55, 56, 59, 71, 72, 76, 86, 99, 100, 102, 104, 106, 108, 109, 110, 111, 112, 113, 114, 115, 116, 117, 118, 120, 121, 122, 124, 125, 126, 129, 130, 131, 132, 135, 136, 139, 140, 141, 143, 144, 148, 149, 150, 151, 152, 153, 156, 157, 158, 159, 160, 164, 165, 166, 179, 180, 181, 183, 184, 187, 188, 189, 194, 203, 207, 208, 209, 210, 212, 220, 221, 228, 230, 231, 233, 235, 237, 239, 263, 264, 280, 281, 294, 295, 296, 297, 298, 299, 300, 301, 302, 303, 304, 305, 306, 307, 308, 309, 311, 312, 313, 314, 315, 316, 317, 318, 319, 320, 321, 322, 323, 324, 325, 326, 327, 328, 330, 331, 332, 333, 334, 335, 337, 338, 339, 340, 341, 342, 343, 344, 345, 346, 347, 348, 349, 350, 351, 352, 353, 356, 357, 360, 361, 366, 367, 368, 369, 370, 371, 373, 374, 375, 376, 377, 378, 379, 383, 384, 391, 393, 394, 395, 397, 399, 400, 405, 412, 413, 417, 418, 420, 421, 422, 424, 434, 441, 442, 443, 445, 446, 447, 449, 453, 457, 458, 459, 461, 477], "summary": {"covered_lines": 226, "num_statements": 313, "percent_covered": 72.20447284345047, "percent_covered_display": "72", "missing_lines": 87, "excluded_lines": 0}, "missing_lines": [57, 61, 62, 63, 64, 65, 66, 67, 68, 73, 74, 77, 78, 79, 81, 82, 84, 90, 91, 92, 93, 94, 95, 96, 161, 162, 168, 169, 170, 171, 172, 173, 175, 176, 185, 191, 192, 196, 197, 198, 200, 201, 204, 213, 214, 216, 217, 240, 241, 242, 243, 244, 245, 246, 248, 255, 258, 259, 260, 265, 266, 267, 268, 271, 272, 273, 274, 277, 287, 288, 289, 290, 291, 380, 381, 396, 406, 407, 419, 430, 431, 432, 439, 462, 463, 465, 478], "excluded_lines": [], "functions": {"HtmxMiddleware.__init__": {"executed_lines": [44, 45], "summary": {"covered_lines": 2, "num_statements": 2, "percent_covered": 100.0, "percent_covered_display": "100", "missing_lines": 0, "excluded_lines": 0}, "missing_lines": [], "excluded_lines": []}, "HtmxMiddleware.__call__": {"executed_lines": [48, 49, 50], "summary": {"covered_lines": 3, "num_statements": 3, "percent_covered": 100.0, "percent_covered_display": "100", "missing_lines": 0, "excluded_lines": 0}, "missing_lines": [], "excluded_lines": []}, "HtmxMiddleware._process_htmx_request": {"executed_lines": [54, 55, 56], "summary": {"covered_lines": 3, "num_statements": 4, "percent_covered": 75.0, "percent_covered_display": "75", "missing_lines": 1, "excluded_lines": 0}, "missing_lines": [57], "excluded_lines": []}, "HtmxMiddleware._log_htmx_details": {"executed_lines": [], "summary": {"covered_lines": 0, "num_statements": 8, "percent_covered": 0.0, "percent_covered_display": "0", "missing_lines": 8, "excluded_lines": 0}, "missing_lines": [61, 62, 63, 64, 65, 66, 67, 68], "excluded_lines": []}, "HtmxResponseMiddleware.__init__": {"executed_lines": [], "summary": {"covered_lines": 0, "num_statements": 2, "percent_covered": 0.0, "percent_covered_display": "0", "missing_lines": 2, "excluded_lines": 0}, "missing_lines": [73, 74], "excluded_lines": []}, "HtmxResponseMiddleware.__call__": {"executed_lines": [], "summary": {"covered_lines": 0, "num_statements": 5, "percent_covered": 0.0, "percent_covered_display": "0", "missing_lines": 5, "excluded_lines": 0}, "missing_lines": [77, 78, 79, 81, 84], "excluded_lines": []}, "HtmxResponseMiddleware.__call__.send_wrapper": {"executed_lines": [], "summary": {"covered_lines": 0, "num_statements": 1, "percent_covered": 0.0, "percent_covered_display": "0", "missing_lines": 1, "excluded_lines": 0}, "missing_lines": [82], "excluded_lines": []}, "HtmxResponseMiddleware._process_response_message": {"executed_lines": [], "summary": {"covered_lines": 0, "num_statements": 7, "percent_covered": 0.0, "percent_covered_display": "0", "missing_lines": 7, "excluded_lines": 0}, "missing_lines": [90, 91, 92, 93, 94, 95, 96], "excluded_lines": []}, "MiddlewareUtils.get_request": {"executed_lines": [122], "summary": {"covered_lines": 1, "num_statements": 1, "percent_covered": 100.0, "percent_covered_display": "100", "missing_lines": 0, "excluded_lines": 0}, "missing_lines": [], "excluded_lines": []}, "MiddlewareUtils.set_request": {"executed_lines": [126], "summary": {"covered_lines": 1, "num_statements": 1, "percent_covered": 100.0, "percent_covered_display": "100", "missing_lines": 0, "excluded_lines": 0}, "missing_lines": [], "excluded_lines": []}, "get_request": {"executed_lines": [136], "summary": {"covered_lines": 1, "num_statements": 1, "percent_covered": 100.0, "percent_covered_display": "100", "missing_lines": 0, "excluded_lines": 0}, "missing_lines": [], "excluded_lines": []}, "CurrentRequestMiddleware.__init__": {"executed_lines": [141], "summary": {"covered_lines": 1, "num_statements": 1, "percent_covered": 100.0, "percent_covered_display": "100", "missing_lines": 0, "excluded_lines": 0}, "missing_lines": [], "excluded_lines": []}, "CurrentRequestMiddleware.__call__": {"executed_lines": [144, 148, 149, 150, 151, 152, 153], "summary": {"covered_lines": 7, "num_statements": 7, "percent_covered": 100.0, "percent_covered_display": "100", "missing_lines": 0, "excluded_lines": 0}, "missing_lines": [], "excluded_lines": []}, "SecureHeadersMiddleware.__init__": {"executed_lines": [158, 159, 160], "summary": {"covered_lines": 3, "num_statements": 5, "percent_covered": 60.0, "percent_covered_display": "60", "missing_lines": 2, "excluded_lines": 0}, "missing_lines": [161, 162], "excluded_lines": []}, "SecureHeadersMiddleware.__call__": {"executed_lines": [165, 166], "summary": {"covered_lines": 2, "num_statements": 5, "percent_covered": 40.0, "percent_covered_display": "40", "missing_lines": 3, "excluded_lines": 0}, "missing_lines": [168, 175, 176], "excluded_lines": []}, "SecureHeadersMiddleware.__call__.send_with_secure_headers": {"executed_lines": [], "summary": {"covered_lines": 0, "num_statements": 5, "percent_covered": 0.0, "percent_covered_display": "0", "missing_lines": 5, "excluded_lines": 0}, "missing_lines": [169, 170, 171, 172, 173], "excluded_lines": []}, "CacheValidator.__init__": {"executed_lines": [181], "summary": {"covered_lines": 1, "num_statements": 1, "percent_covered": 100.0, "percent_covered_display": "100", "missing_lines": 0, "excluded_lines": 0}, "missing_lines": [], "excluded_lines": []}, "CacheValidator.check_for_duplicate_middleware": {"executed_lines": [184, 187, 188, 189], "summary": {"covered_lines": 4, "num_statements": 7, "percent_covered": 57.142857142857146, "percent_covered_display": "57", "missing_lines": 3, "excluded_lines": 0}, "missing_lines": [185, 191, 192], "excluded_lines": []}, "CacheValidator._check_for_cache_middleware_duplicates": {"executed_lines": [], "summary": {"covered_lines": 0, "num_statements": 5, "percent_covered": 0.0, "percent_covered_display": "0", "missing_lines": 5, "excluded_lines": 0}, "missing_lines": [196, 197, 198, 200, 201], "excluded_lines": []}, "CacheValidator.is_duplicate_in_scope": {"executed_lines": [], "summary": {"covered_lines": 0, "num_statements": 1, "percent_covered": 0.0, "percent_covered_display": "0", "missing_lines": 1, "excluded_lines": 0}, "missing_lines": [204], "excluded_lines": []}, "CacheKeyManager.__init__": {"executed_lines": [209, 210], "summary": {"covered_lines": 2, "num_statements": 2, "percent_covered": 100.0, "percent_covered_display": "100", "missing_lines": 0, "excluded_lines": 0}, "missing_lines": [], "excluded_lines": []}, "CacheKeyManager.get_cache_instance": {"executed_lines": [], "summary": {"covered_lines": 0, "num_statements": 4, "percent_covered": 0.0, "percent_covered_display": "0", "missing_lines": 4, "excluded_lines": 0}, "missing_lines": [213, 214, 216, 217], "excluded_lines": []}, "CacheMiddleware.__init__": {"executed_lines": [228, 230, 231, 233, 235, 237], "summary": {"covered_lines": 6, "num_statements": 6, "percent_covered": 100.0, "percent_covered_display": "100", "missing_lines": 0, "excluded_lines": 0}, "missing_lines": [], "excluded_lines": []}, "CacheMiddleware.__call__": {"executed_lines": [], "summary": {"covered_lines": 0, "num_statements": 12, "percent_covered": 0.0, "percent_covered_display": "0", "missing_lines": 12, "excluded_lines": 0}, "missing_lines": [240, 241, 242, 243, 244, 245, 246, 248, 255, 258, 259, 260], "excluded_lines": []}, "_BaseCacheMiddlewareHelper.__init__": {"executed_lines": [], "summary": {"covered_lines": 0, "num_statements": 9, "percent_covered": 0.0, "percent_covered_display": "0", "missing_lines": 9, "excluded_lines": 0}, "missing_lines": [265, 266, 267, 268, 271, 272, 273, 274, 277], "excluded_lines": []}, "CacheHelper.invalidate_cache_for": {"executed_lines": [], "summary": {"covered_lines": 0, "num_statements": 5, "percent_covered": 0.0, "percent_covered_display": "0", "missing_lines": 5, "excluded_lines": 0}, "missing_lines": [287, 288, 289, 290, 291], "excluded_lines": []}, "CacheControlMiddleware.__init__": {"executed_lines": [312, 313, 314, 315, 316, 317, 318, 319, 320, 321, 322, 323, 324, 325, 326, 327, 328], "summary": {"covered_lines": 17, "num_statements": 17, "percent_covered": 100.0, "percent_covered_display": "100", "missing_lines": 0, "excluded_lines": 0}, "missing_lines": [], "excluded_lines": []}, "CacheControlMiddleware.__call__": {"executed_lines": [331, 332, 333, 334, 335], "summary": {"covered_lines": 5, "num_statements": 5, "percent_covered": 100.0, "percent_covered_display": "100", "missing_lines": 0, "excluded_lines": 0}, "missing_lines": [], "excluded_lines": []}, "CacheControlMiddleware.process_response": {"executed_lines": [338, 339, 340, 341, 342, 343, 344, 345, 346, 347, 348, 349, 350, 351, 352, 353], "summary": {"covered_lines": 16, "num_statements": 16, "percent_covered": 100.0, "percent_covered_display": "100", "missing_lines": 0, "excluded_lines": 0}, "missing_lines": [], "excluded_lines": []}, "get_middleware_positions": {"executed_lines": [357], "summary": {"covered_lines": 1, "num_statements": 1, "percent_covered": 100.0, "percent_covered_display": "100", "missing_lines": 0, "excluded_lines": 0}, "missing_lines": [], "excluded_lines": []}, "MiddlewareStackManager.__init__": {"executed_lines": [366, 367, 368, 369, 370, 371], "summary": {"covered_lines": 6, "num_statements": 6, "percent_covered": 100.0, "percent_covered_display": "100", "missing_lines": 0, "excluded_lines": 0}, "missing_lines": [], "excluded_lines": []}, "MiddlewareStackManager._ensure_dependencies": {"executed_lines": [374, 375, 376, 377, 378, 379], "summary": {"covered_lines": 6, "num_statements": 8, "percent_covered": 75.0, "percent_covered_display": "75", "missing_lines": 2, "excluded_lines": 0}, "missing_lines": [380, 381], "excluded_lines": []}, "MiddlewareStackManager._register_default_middleware": {"executed_lines": [384, 391], "summary": {"covered_lines": 2, "num_statements": 2, "percent_covered": 100.0, "percent_covered_display": "100", "missing_lines": 0, "excluded_lines": 0}, "missing_lines": [], "excluded_lines": []}, "MiddlewareStackManager._register_conditional_middleware": {"executed_lines": [394, 395, 397, 399, 400, 405, 412, 413], "summary": {"covered_lines": 8, "num_statements": 11, "percent_covered": 72.72727272727273, "percent_covered_display": "73", "missing_lines": 3, "excluded_lines": 0}, "missing_lines": [396, 406, 407], "excluded_lines": []}, "MiddlewareStackManager.initialize": {"executed_lines": [418, 420, 421, 422], "summary": {"covered_lines": 4, "num_statements": 5, "percent_covered": 80.0, "percent_covered_display": "80", "missing_lines": 1, "excluded_lines": 0}, "missing_lines": [419], "excluded_lines": []}, "MiddlewareStackManager.register_middleware": {"executed_lines": [], "summary": {"covered_lines": 0, "num_statements": 3, "percent_covered": 0.0, "percent_covered_display": "0", "missing_lines": 3, "excluded_lines": 0}, "missing_lines": [430, 431, 432], "excluded_lines": []}, "MiddlewareStackManager.add_custom_middleware": {"executed_lines": [], "summary": {"covered_lines": 0, "num_statements": 1, "percent_covered": 0.0, "percent_covered_display": "0", "missing_lines": 1, "excluded_lines": 0}, "missing_lines": [439], "excluded_lines": []}, "MiddlewareStackManager.build_stack": {"executed_lines": [442, 443, 445, 446, 447, 449], "summary": {"covered_lines": 6, "num_statements": 6, "percent_covered": 100.0, "percent_covered_display": "100", "missing_lines": 0, "excluded_lines": 0}, "missing_lines": [], "excluded_lines": []}, "MiddlewareStackManager._build_middleware_stack": {"executed_lines": [457, 458, 459], "summary": {"covered_lines": 3, "num_statements": 3, "percent_covered": 100.0, "percent_covered_display": "100", "missing_lines": 0, "excluded_lines": 0}, "missing_lines": [], "excluded_lines": []}, "MiddlewareStackManager.get_middleware_info": {"executed_lines": [], "summary": {"covered_lines": 0, "num_statements": 3, "percent_covered": 0.0, "percent_covered_display": "0", "missing_lines": 3, "excluded_lines": 0}, "missing_lines": [462, 463, 465], "excluded_lines": []}, "middlewares": {"executed_lines": [], "summary": {"covered_lines": 0, "num_statements": 1, "percent_covered": 0.0, "percent_covered_display": "0", "missing_lines": 1, "excluded_lines": 0}, "missing_lines": [478], "excluded_lines": []}, "": {"executed_lines": [1, 2, 3, 4, 5, 7, 8, 9, 10, 11, 12, 13, 14, 15, 16, 18, 25, 27, 28, 29, 30, 33, 34, 35, 36, 37, 38, 39, 42, 43, 47, 52, 59, 71, 72, 76, 86, 99, 100, 102, 104, 106, 108, 109, 110, 111, 112, 113, 114, 115, 116, 117, 118, 120, 121, 124, 125, 129, 130, 131, 132, 135, 139, 140, 143, 156, 157, 164, 179, 180, 183, 194, 203, 207, 208, 212, 220, 221, 239, 263, 264, 280, 281, 294, 295, 296, 297, 298, 299, 300, 301, 302, 303, 304, 305, 306, 307, 308, 309, 311, 330, 337, 356, 360, 361, 373, 383, 393, 417, 424, 434, 441, 453, 461, 477], "summary": {"covered_lines": 115, "num_statements": 115, "percent_covered": 100.0, "percent_covered_display": "100", "missing_lines": 0, "excluded_lines": 0}, "missing_lines": [], "excluded_lines": []}}, "classes": {"MiddlewarePosition": {"executed_lines": [], "summary": {"covered_lines": 0, "num_statements": 0, "percent_covered": 100.0, "percent_covered_display": "100", "missing_lines": 0, "excluded_lines": 0}, "missing_lines": [], "excluded_lines": []}, "HtmxMiddleware": {"executed_lines": [44, 45, 48, 49, 50, 54, 55, 56], "summary": {"covered_lines": 8, "num_statements": 17, "percent_covered": 47.05882352941177, "percent_covered_display": "47", "missing_lines": 9, "excluded_lines": 0}, "missing_lines": [57, 61, 62, 63, 64, 65, 66, 67, 68], "excluded_lines": []}, "HtmxResponseMiddleware": {"executed_lines": [], "summary": {"covered_lines": 0, "num_statements": 15, "percent_covered": 0.0, "percent_covered_display": "0", "missing_lines": 15, "excluded_lines": 0}, "missing_lines": [73, 74, 77, 78, 79, 81, 82, 84, 90, 91, 92, 93, 94, 95, 96], "excluded_lines": []}, "MiddlewareUtils": {"executed_lines": [122, 126], "summary": {"covered_lines": 2, "num_statements": 2, "percent_covered": 100.0, "percent_covered_display": "100", "missing_lines": 0, "excluded_lines": 0}, "missing_lines": [], "excluded_lines": []}, "CurrentRequestMiddleware": {"executed_lines": [141, 144, 148, 149, 150, 151, 152, 153], "summary": {"covered_lines": 8, "num_statements": 8, "percent_covered": 100.0, "percent_covered_display": "100", "missing_lines": 0, "excluded_lines": 0}, "missing_lines": [], "excluded_lines": []}, "SecureHeadersMiddleware": {"executed_lines": [158, 159, 160, 165, 166], "summary": {"covered_lines": 5, "num_statements": 15, "percent_covered": 33.333333333333336, "percent_covered_display": "33", "missing_lines": 10, "excluded_lines": 0}, "missing_lines": [161, 162, 168, 169, 170, 171, 172, 173, 175, 176], "excluded_lines": []}, "CacheValidator": {"executed_lines": [181, 184, 187, 188, 189], "summary": {"covered_lines": 5, "num_statements": 14, "percent_covered": 35.714285714285715, "percent_covered_display": "36", "missing_lines": 9, "excluded_lines": 0}, "missing_lines": [185, 191, 192, 196, 197, 198, 200, 201, 204], "excluded_lines": []}, "CacheKeyManager": {"executed_lines": [209, 210], "summary": {"covered_lines": 2, "num_statements": 6, "percent_covered": 33.333333333333336, "percent_covered_display": "33", "missing_lines": 4, "excluded_lines": 0}, "missing_lines": [213, 214, 216, 217], "excluded_lines": []}, "CacheMiddleware": {"executed_lines": [228, 230, 231, 233, 235, 237], "summary": {"covered_lines": 6, "num_statements": 18, "percent_covered": 33.333333333333336, "percent_covered_display": "33", "missing_lines": 12, "excluded_lines": 0}, "missing_lines": [240, 241, 242, 243, 244, 245, 246, 248, 255, 258, 259, 260], "excluded_lines": []}, "_BaseCacheMiddlewareHelper": {"executed_lines": [], "summary": {"covered_lines": 0, "num_statements": 9, "percent_covered": 0.0, "percent_covered_display": "0", "missing_lines": 9, "excluded_lines": 0}, "missing_lines": [265, 266, 267, 268, 271, 272, 273, 274, 277], "excluded_lines": []}, "CacheHelper": {"executed_lines": [], "summary": {"covered_lines": 0, "num_statements": 5, "percent_covered": 0.0, "percent_covered_display": "0", "missing_lines": 5, "excluded_lines": 0}, "missing_lines": [287, 288, 289, 290, 291], "excluded_lines": []}, "CacheControlMiddleware": {"executed_lines": [312, 313, 314, 315, 316, 317, 318, 319, 320, 321, 322, 323, 324, 325, 326, 327, 328, 331, 332, 333, 334, 335, 338, 339, 340, 341, 342, 343, 344, 345, 346, 347, 348, 349, 350, 351, 352, 353], "summary": {"covered_lines": 38, "num_statements": 38, "percent_covered": 100.0, "percent_covered_display": "100", "missing_lines": 0, "excluded_lines": 0}, "missing_lines": [], "excluded_lines": []}, "MiddlewareStackManager": {"executed_lines": [366, 367, 368, 369, 370, 371, 374, 375, 376, 377, 378, 379, 384, 391, 394, 395, 397, 399, 400, 405, 412, 413, 418, 420, 421, 422, 442, 443, 445, 446, 447, 449, 457, 458, 459], "summary": {"covered_lines": 35, "num_statements": 48, "percent_covered": 72.91666666666667, "percent_covered_display": "73", "missing_lines": 13, "excluded_lines": 0}, "missing_lines": [380, 381, 396, 406, 407, 419, 430, 431, 432, 439, 462, 463, 465], "excluded_lines": []}, "": {"executed_lines": [1, 2, 3, 4, 5, 7, 8, 9, 10, 11, 12, 13, 14, 15, 16, 18, 25, 27, 28, 29, 30, 33, 34, 35, 36, 37, 38, 39, 42, 43, 47, 52, 59, 71, 72, 76, 86, 99, 100, 102, 104, 106, 108, 109, 110, 111, 112, 113, 114, 115, 116, 117, 118, 120, 121, 124, 125, 129, 130, 131, 132, 135, 136, 139, 140, 143, 156, 157, 164, 179, 180, 183, 194, 203, 207, 208, 212, 220, 221, 239, 263, 264, 280, 281, 294, 295, 296, 297, 298, 299, 300, 301, 302, 303, 304, 305, 306, 307, 308, 309, 311, 330, 337, 356, 357, 360, 361, 373, 383, 393, 417, 424, 434, 441, 453, 461, 477], "summary": {"covered_lines": 117, "num_statements": 118, "percent_covered": 99.15254237288136, "percent_covered_display": "99", "missing_lines": 1, "excluded_lines": 0}, "missing_lines": [478], "excluded_lines": []}}}}, "totals": {"covered_lines": 2042, "num_statements": 6614, "percent_covered": 30.873903840338677, "percent_covered_display": "31", "missing_lines": 4572, "excluded_lines": 149}}
